<?xml version="1.0" encoding="utf-8"?>
<CoverageSession xmlns:xsd="http://www.w3.org/2001/XMLSchema" xmlns:xsi="http://www.w3.org/2001/XMLSchema-instance">
  <Summary numSequencePoints="578" visitedSequencePoints="216" numBranchPoints="134" visitedBranchPoints="54" sequenceCoverage="37.37" branchCoverage="40.30" maxCyclomaticComplexity="7" minCyclomaticComplexity="1" visitedClasses="14" numClasses="28" visitedMethods="41" numMethods="102" />
  <Modules>
    <Module skippedDueTo="Filter" hash="31-EE-36-50-10-5C-79-36-FD-D4-60-AE-37-54-84-07-84-85-A5-53">
      <ModulePath>C:\WINDOWS\Microsoft.Net\assembly\GAC_32\mscorlib\v4.0_4.0.0.0__b77a5c561934e089\mscorlib.dll</ModulePath>
      <ModuleTime>2018-02-02T03:35:52.2152457Z</ModuleTime>
      <ModuleName>mscorlib</ModuleName>
      <Classes />
    </Module>
    <Module skippedDueTo="Filter" hash="BE-6B-A2-D8-68-C4-FB-26-69-93-8C-DB-02-1E-0E-3E-C9-8E-9A-47">
      <ModulePath>C:\Program Files (x86)\Microsoft Visual Studio\2017\Enterprise\Common7\IDE\MSTest.exe</ModulePath>
      <ModuleTime>2018-01-04T18:35:57.3413563Z</ModuleTime>
      <ModuleName>MSTest</ModuleName>
      <Classes />
    </Module>
    <Module skippedDueTo="Filter" hash="FB-84-24-88-32-33-57-29-08-4B-FF-49-77-F6-4C-0D-97-9F-AB-CB">
      <ModulePath>C:\Program Files (x86)\Microsoft Visual Studio\2017\Enterprise\Common7\IDE\PublicAssemblies\Microsoft.VisualStudio.QualityTools.Common.dll</ModulePath>
      <ModuleTime>2018-01-04T18:35:57.3413563Z</ModuleTime>
      <ModuleName>Microsoft.VisualStudio.QualityTools.Common</ModuleName>
      <Classes />
    </Module>
    <Module skippedDueTo="Filter" hash="CB-7B-C7-A0-09-0F-BA-F4-8A-02-A9-E9-2A-7B-43-34-93-46-0F-58">
      <ModulePath>C:\WINDOWS\Microsoft.Net\assembly\GAC_MSIL\System\v4.0_4.0.0.0__b77a5c561934e089\System.dll</ModulePath>
      <ModuleTime>2017-09-29T13:43:06.7717063Z</ModuleTime>
      <ModuleName>System</ModuleName>
      <Classes />
    </Module>
    <Module skippedDueTo="Filter" hash="9F-10-BC-87-BD-99-A4-21-F1-E6-D1-5E-17-5E-CC-97-32-42-9B-BC">
      <ModulePath>C:\Program Files (x86)\Microsoft Visual Studio\2017\Enterprise\Common7\IDE\PublicAssemblies\Microsoft.VisualStudio.QualityTools.ExecutionCommon.dll</ModulePath>
      <ModuleTime>2018-01-04T18:35:57.3413563Z</ModuleTime>
      <ModuleName>Microsoft.VisualStudio.QualityTools.ExecutionCommon</ModuleName>
      <Classes />
    </Module>
    <Module skippedDueTo="Filter" hash="D0-1C-D9-91-B8-DA-D6-5F-FC-21-39-9D-E5-03-A3-62-78-83-CE-CC">
      <ModulePath>C:\Program Files (x86)\Microsoft Visual Studio\2017\Enterprise\Common7\IDE\PrivateAssemblies\Microsoft.VisualStudio.QualityTools.Resource.dll</ModulePath>
      <ModuleTime>2018-01-04T18:35:57.3413563Z</ModuleTime>
      <ModuleName>Microsoft.VisualStudio.QualityTools.Resource</ModuleName>
      <Classes />
    </Module>
    <Module skippedDueTo="Filter" hash="62-13-DF-BA-4D-76-38-3A-FE-E9-5E-D8-6C-07-CC-1D-A2-DE-73-52">
      <ModulePath>C:\WINDOWS\Microsoft.Net\assembly\GAC_MSIL\System.Configuration\v4.0_4.0.0.0__b03f5f7f11d50a3a\System.Configuration.dll</ModulePath>
      <ModuleTime>2017-09-29T13:43:06.6154445Z</ModuleTime>
      <ModuleName>System.Configuration</ModuleName>
      <Classes />
    </Module>
    <Module skippedDueTo="Filter" hash="58-2A-4C-0C-25-69-3C-E5-E8-8F-0E-35-DB-19-D0-78-0E-D1-10-FA">
      <ModulePath>C:\WINDOWS\Microsoft.Net\assembly\GAC_MSIL\System.Xml\v4.0_4.0.0.0__b77a5c561934e089\System.Xml.dll</ModulePath>
      <ModuleTime>2017-12-22T03:10:39.7166266Z</ModuleTime>
      <ModuleName>System.Xml</ModuleName>
      <Classes />
    </Module>
    <Module skippedDueTo="Filter" hash="5D-41-F2-9A-43-CD-A0-6B-E6-4D-7A-E8-2D-98-71-80-E6-6C-E2-31">
      <ModulePath>C:\Program Files (x86)\Microsoft Visual Studio\2017\Enterprise\Common7\IDE\PrivateAssemblies\Microsoft.VisualStudio.QualityTools.CommandLine.dll</ModulePath>
      <ModuleTime>2018-01-04T18:35:57.3413563Z</ModuleTime>
      <ModuleName>Microsoft.VisualStudio.QualityTools.CommandLine</ModuleName>
      <Classes />
    </Module>
    <Module skippedDueTo="Filter" hash="A9-B4-42-E8-64-99-DA-50-15-A5-FE-59-23-E3-05-CE-5B-7E-8A-73">
      <ModulePath>C:\Program Files (x86)\Microsoft Visual Studio\2017\Enterprise\Common7\IDE\PrivateAssemblies\Microsoft.VisualStudio.QualityTools.TMI.dll</ModulePath>
      <ModuleTime>2018-01-04T18:35:57.3413563Z</ModuleTime>
      <ModuleName>Microsoft.VisualStudio.QualityTools.TMI</ModuleName>
      <Classes />
    </Module>
    <Module skippedDueTo="Filter" hash="00-E4-8B-23-28-1E-7A-F6-0F-D2-F5-0F-0B-97-50-BC-55-63-B2-9D">
      <ModulePath>C:\WINDOWS\Microsoft.Net\assembly\GAC_MSIL\System.Core\v4.0_4.0.0.0__b77a5c561934e089\System.Core.dll</ModulePath>
      <ModuleTime>2018-02-02T03:36:02.9502864Z</ModuleTime>
      <ModuleName>System.Core</ModuleName>
      <Classes />
    </Module>
    <Module skippedDueTo="Filter" hash="14-39-BA-31-C2-3C-B7-EE-90-C3-1C-1C-D1-51-7F-15-30-D5-95-A8">
      <ModulePath>C:\WINDOWS\Microsoft.Net\assembly\GAC_32\System.Data\v4.0_4.0.0.0__b77a5c561934e089\System.Data.dll</ModulePath>
      <ModuleTime>2018-02-02T03:35:52.4027595Z</ModuleTime>
      <ModuleName>System.Data</ModuleName>
      <Classes />
    </Module>
    <Module skippedDueTo="Filter" hash="10-59-9A-A7-6D-6E-29-57-52-A6-F4-07-E8-65-83-31-78-46-69-05">
      <ModulePath>C:\WINDOWS\Microsoft.Net\assembly\GAC_MSIL\System.Numerics\v4.0_4.0.0.0__b77a5c561934e089\System.Numerics.dll</ModulePath>
      <ModuleTime>2017-09-29T13:43:06.7092017Z</ModuleTime>
      <ModuleName>System.Numerics</ModuleName>
      <Classes />
    </Module>
    <Module skippedDueTo="Filter" hash="5C-70-ED-9E-9B-8A-F9-7F-CA-3E-6E-C3-03-97-8B-11-97-6C-57-A0">
      <ModulePath>C:\WINDOWS\Microsoft.Net\assembly\GAC_32\System.Web\v4.0_4.0.0.0__b03f5f7f11d50a3a\System.Web.dll</ModulePath>
      <ModuleTime>2018-02-02T03:35:52.5433943Z</ModuleTime>
      <ModuleName>System.Web</ModuleName>
      <Classes />
    </Module>
    <Module skippedDueTo="Filter" hash="">
      <ModulePath>RefEmit_InMemoryManifestModule</ModulePath>
      <ModuleTime>0001-01-01T00:00:00</ModuleTime>
      <ModuleName>Microsoft.GeneratedCode</ModuleName>
      <Classes />
    </Module>
    <Module skippedDueTo="Filter" hash="71-51-92-16-03-BC-01-F7-77-58-75-D0-EC-46-B6-41-A1-77-71-1F">
      <ModulePath>C:\Program Files (x86)\Microsoft Visual Studio\2017\Enterprise\Common7\IDE\PrivateAssemblies\Microsoft.VisualStudio.QualityTools.Tips.UnitTest.Tip.dll</ModulePath>
      <ModuleTime>2018-01-04T18:35:57.3413563Z</ModuleTime>
      <ModuleName>Microsoft.VisualStudio.QualityTools.Tips.UnitTest.Tip</ModuleName>
      <Classes />
    </Module>
    <Module skippedDueTo="Filter" hash="DC-AF-DC-28-75-AE-98-68-3B-9D-E8-46-39-22-4A-85-B8-D1-9C-41">
      <ModulePath>C:\Program Files (x86)\Microsoft Visual Studio\2017\Enterprise\Common7\IDE\PrivateAssemblies\Microsoft.VisualStudio.QualityTools.Tips.UnitTest.ObjectModel.dll</ModulePath>
      <ModuleTime>2018-01-04T18:35:57.3413563Z</ModuleTime>
      <ModuleName>Microsoft.VisualStudio.QualityTools.Tips.UnitTest.ObjectModel</ModuleName>
      <Classes />
    </Module>
    <Module skippedDueTo="Filter" hash="9C-BD-10-0D-B6-DF-EE-2B-EB-27-DA-26-68-CD-C4-4A-48-7F-7B-09">
      <ModulePath>C:\WINDOWS\assembly\GAC_MSIL\Microsoft.VisualStudio.QualityTools.UnitTestFramework\10.0.0.0__b03f5f7f11d50a3a\Microsoft.VisualStudio.QualityTools.UnitTestFramework.dll</ModulePath>
      <ModuleTime>2018-01-04T11:05:25.8716918Z</ModuleTime>
      <ModuleName>Microsoft.VisualStudio.QualityTools.UnitTestFramework</ModuleName>
      <Classes />
    </Module>
    <Module skippedDueTo="Filter" hash="48-AC-2D-55-AD-81-2A-25-D6-B3-DD-EE-8E-90-3B-57-DF-16-C0-57">
      <ModulePath>C:\Program Files (x86)\Microsoft Visual Studio\2017\Enterprise\Common7\IDE\PrivateAssemblies\Microsoft.VisualStudio.QualityTools.Tips.WebLoadTest.Tip.dll</ModulePath>
      <ModuleTime>2018-01-21T15:10:38.4540063Z</ModuleTime>
      <ModuleName>Microsoft.VisualStudio.QualityTools.Tips.WebLoadTest.Tip</ModuleName>
      <Classes />
    </Module>
    <Module skippedDueTo="Filter" hash="D7-78-B0-B0-54-53-67-3A-0C-B9-72-74-2A-1E-FC-35-59-A1-FD-87">
      <ModulePath>C:\Program Files (x86)\Microsoft Visual Studio\2017\Enterprise\Common7\IDE\PrivateAssemblies\Microsoft.VisualStudio.QualityTools.Tips.UnitTest.AssemblyResolver.dll</ModulePath>
      <ModuleTime>2018-01-04T18:35:57.3413563Z</ModuleTime>
      <ModuleName>Microsoft.VisualStudio.QualityTools.Tips.UnitTest.AssemblyResolver</ModuleName>
      <Classes />
    </Module>
    <Module skippedDueTo="Filter" hash="D7-78-B0-B0-54-53-67-3A-0C-B9-72-74-2A-1E-FC-35-59-A1-FD-87">
      <ModulePath>C:\Program Files (x86)\Microsoft Visual Studio\2017\Enterprise\Common7\IDE\PrivateAssemblies\Microsoft.VisualStudio.QualityTools.Tips.UnitTest.AssemblyResolver.dll</ModulePath>
      <ModuleTime>2018-01-04T18:35:57.3413563Z</ModuleTime>
      <ModuleName>Microsoft.VisualStudio.QualityTools.Tips.UnitTest.AssemblyResolver</ModuleName>
      <Classes />
    </Module>
    <Module skippedDueTo="Filter" hash="71-51-92-16-03-BC-01-F7-77-58-75-D0-EC-46-B6-41-A1-77-71-1F">
      <ModulePath>C:\Program Files (x86)\Microsoft Visual Studio\2017\Enterprise\Common7\IDE\PrivateAssemblies\Microsoft.VisualStudio.QualityTools.Tips.UnitTest.Tip.dll</ModulePath>
      <ModuleTime>2018-01-04T18:35:57.3413563Z</ModuleTime>
      <ModuleName>Microsoft.VisualStudio.QualityTools.Tips.UnitTest.Tip</ModuleName>
      <Classes />
    </Module>
    <Module skippedDueTo="Filter" hash="FB-84-24-88-32-33-57-29-08-4B-FF-49-77-F6-4C-0D-97-9F-AB-CB">
      <ModulePath>C:\Program Files (x86)\Microsoft Visual Studio\2017\Enterprise\Common7\IDE\PublicAssemblies\Microsoft.VisualStudio.QualityTools.Common.dll</ModulePath>
      <ModuleTime>2018-01-04T18:35:57.3413563Z</ModuleTime>
      <ModuleName>Microsoft.VisualStudio.QualityTools.Common</ModuleName>
      <Classes />
    </Module>
    <Module skippedDueTo="Filter" hash="DC-AF-DC-28-75-AE-98-68-3B-9D-E8-46-39-22-4A-85-B8-D1-9C-41">
      <ModulePath>C:\Program Files (x86)\Microsoft Visual Studio\2017\Enterprise\Common7\IDE\PrivateAssemblies\Microsoft.VisualStudio.QualityTools.Tips.UnitTest.ObjectModel.dll</ModulePath>
      <ModuleTime>2018-01-04T18:35:57.3413563Z</ModuleTime>
      <ModuleName>Microsoft.VisualStudio.QualityTools.Tips.UnitTest.ObjectModel</ModuleName>
      <Classes />
    </Module>
    <Module skippedDueTo="Filter" hash="D0-1C-D9-91-B8-DA-D6-5F-FC-21-39-9D-E5-03-A3-62-78-83-CE-CC">
      <ModulePath>C:\Program Files (x86)\Microsoft Visual Studio\2017\Enterprise\Common7\IDE\PrivateAssemblies\Microsoft.VisualStudio.QualityTools.Resource.dll</ModulePath>
      <ModuleTime>2018-01-04T18:35:57.3413563Z</ModuleTime>
      <ModuleName>Microsoft.VisualStudio.QualityTools.Resource</ModuleName>
      <Classes />
    </Module>
    <Module skippedDueTo="Filter" hash="F9-26-15-00-F2-BC-8F-B4-FF-13-16-32-48-33-B0-89-B5-E2-30-B6">
      <ModulePath>C:\Users\Thanos\Documents\LINQBridgeVs\Test\Bridge.Grapple.UnitTest\bin\Test\BridgeVs.Grapple.UnitTest.dll</ModulePath>
      <ModuleTime>2018-03-31T02:04:25.5503937Z</ModuleTime>
      <ModuleName>BridgeVs.Grapple.UnitTest</ModuleName>
      <Classes />
    </Module>
    <Module skippedDueTo="Filter" hash="96-5C-D5-EE-65-AF-84-F7-EE-E5-36-EB-CB-F3-0D-9D-B7-B1-74-67">
      <ModulePath>C:\Program Files (x86)\Microsoft Visual Studio\2017\Enterprise\Common7\IDE\PrivateAssemblies\Microsoft.VisualStudio.QualityTools.LoadTest.dll</ModulePath>
      <ModuleTime>2018-01-21T15:10:38.4540063Z</ModuleTime>
      <ModuleName>Microsoft.VisualStudio.QualityTools.LoadTest</ModuleName>
      <Classes />
    </Module>
    <Module skippedDueTo="Filter" hash="AA-A4-75-26-16-24-38-13-72-5E-8B-10-62-10-CE-C1-0F-3C-A8-6C">
      <ModulePath>C:\WINDOWS\assembly\GAC_MSIL\Microsoft.VisualStudio.QualityTools.WebTestFramework\10.0.0.0__b03f5f7f11d50a3a\Microsoft.VisualStudio.QualityTools.WebTestFramework.dll</ModulePath>
      <ModuleTime>2018-01-04T11:05:25.9029552Z</ModuleTime>
      <ModuleName>Microsoft.VisualStudio.QualityTools.WebTestFramework</ModuleName>
      <Classes />
    </Module>
    <Module skippedDueTo="Filter" hash="96-5C-D5-EE-65-AF-84-F7-EE-E5-36-EB-CB-F3-0D-9D-B7-B1-74-67">
      <ModulePath>C:\Program Files (x86)\Microsoft Visual Studio\2017\Enterprise\Common7\IDE\PrivateAssemblies\Microsoft.VisualStudio.QualityTools.LoadTest.dll</ModulePath>
      <ModuleTime>2018-01-21T15:10:38.4540063Z</ModuleTime>
      <ModuleName>Microsoft.VisualStudio.QualityTools.LoadTest</ModuleName>
      <Classes />
    </Module>
    <Module skippedDueTo="Filter" hash="F9-26-15-00-F2-BC-8F-B4-FF-13-16-32-48-33-B0-89-B5-E2-30-B6">
      <ModulePath>C:\Users\Thanos\Documents\LINQBridgeVs\Test\Bridge.Grapple.UnitTest\bin\Test\BridgeVs.Grapple.UnitTest.dll</ModulePath>
      <ModuleTime>2018-03-31T02:04:25.5503937Z</ModuleTime>
      <ModuleName>BridgeVs.Grapple.UnitTest</ModuleName>
      <Classes />
    </Module>
    <Module skippedDueTo="Filter" hash="5C-60-6D-2D-31-EB-63-98-C8-78-9B-8F-C5-41-A1-8F-D2-84-CF-D5">
      <ModulePath>C:\Program Files (x86)\Microsoft Visual Studio\2017\Enterprise\Common7\IDE\PrivateAssemblies\Microsoft.VisualStudio.QualityTools.ControllerObject.dll</ModulePath>
      <ModuleTime>2018-01-04T18:35:57.3413563Z</ModuleTime>
      <ModuleName>Microsoft.VisualStudio.QualityTools.ControllerObject</ModuleName>
      <Classes />
    </Module>
    <Module skippedDueTo="Filter" hash="D7-78-B0-B0-54-53-67-3A-0C-B9-72-74-2A-1E-FC-35-59-A1-FD-87">
      <ModulePath>C:\Program Files (x86)\Microsoft Visual Studio\2017\Enterprise\Common7\IDE\PrivateAssemblies\Microsoft.VisualStudio.QualityTools.Tips.UnitTest.AssemblyResolver.dll</ModulePath>
      <ModuleTime>2018-01-04T18:35:57.3413563Z</ModuleTime>
      <ModuleName>Microsoft.VisualStudio.QualityTools.Tips.UnitTest.AssemblyResolver</ModuleName>
      <Classes />
    </Module>
    <Module skippedDueTo="Filter" hash="FB-84-24-88-32-33-57-29-08-4B-FF-49-77-F6-4C-0D-97-9F-AB-CB">
      <ModulePath>C:\Program Files (x86)\Microsoft Visual Studio\2017\Enterprise\Common7\IDE\PublicAssemblies\Microsoft.VisualStudio.QualityTools.Common.dll</ModulePath>
      <ModuleTime>2018-01-04T18:35:57.3413563Z</ModuleTime>
      <ModuleName>Microsoft.VisualStudio.QualityTools.Common</ModuleName>
      <Classes />
    </Module>
    <Module skippedDueTo="Filter" hash="F9-26-15-00-F2-BC-8F-B4-FF-13-16-32-48-33-B0-89-B5-E2-30-B6">
      <ModulePath>C:\Users\Thanos\Documents\LINQBridgeVs\test\bridge.grapple.unittest\bin\test\bridgevs.grapple.unittest.dll</ModulePath>
      <ModuleTime>2018-03-31T02:04:25.5503937Z</ModuleTime>
      <ModuleName>BridgeVs.Grapple.UnitTest</ModuleName>
      <Classes />
    </Module>
    <Module skippedDueTo="Filter" hash="D9-50-FB-64-88-D5-DD-C6-92-F6-F2-B8-5C-13-81-1E-07-25-FF-1C">
      <ModulePath>C:\Program Files (x86)\Microsoft Visual Studio\2017\Enterprise\Common7\IDE\PrivateAssemblies\Microsoft.VisualStudio.QualityTools.AgentProcessManager.dll</ModulePath>
      <ModuleTime>2018-01-04T18:35:57.3413563Z</ModuleTime>
      <ModuleName>Microsoft.VisualStudio.QualityTools.AgentProcessManager</ModuleName>
      <Classes />
    </Module>
    <Module skippedDueTo="Filter" hash="95-C2-7F-29-1B-5E-88-C5-62-B1-37-09-E1-F0-97-D4-51-18-8D-2E">
      <ModulePath>C:\WINDOWS\Microsoft.Net\assembly\GAC_MSIL\System.Runtime.Remoting\v4.0_4.0.0.0__b77a5c561934e089\System.Runtime.Remoting.dll</ModulePath>
      <ModuleTime>2017-09-29T13:43:06.6935754Z</ModuleTime>
      <ModuleName>System.Runtime.Remoting</ModuleName>
      <Classes />
    </Module>
    <Module skippedDueTo="Filter" hash="D7-78-B0-B0-54-53-67-3A-0C-B9-72-74-2A-1E-FC-35-59-A1-FD-87">
      <ModulePath>C:\Program Files (x86)\Microsoft Visual Studio\2017\Enterprise\Common7\IDE\PrivateAssemblies\Microsoft.VisualStudio.QualityTools.Tips.UnitTest.AssemblyResolver.dll</ModulePath>
      <ModuleTime>2018-01-04T18:35:57.3413563Z</ModuleTime>
      <ModuleName>Microsoft.VisualStudio.QualityTools.Tips.UnitTest.AssemblyResolver</ModuleName>
      <Classes />
    </Module>
    <Module skippedDueTo="Filter" hash="FB-84-24-88-32-33-57-29-08-4B-FF-49-77-F6-4C-0D-97-9F-AB-CB">
      <ModulePath>C:\Program Files (x86)\Microsoft Visual Studio\2017\Enterprise\Common7\IDE\PublicAssemblies\Microsoft.VisualStudio.QualityTools.Common.dll</ModulePath>
      <ModuleTime>2018-01-04T18:35:57.3413563Z</ModuleTime>
      <ModuleName>Microsoft.VisualStudio.QualityTools.Common</ModuleName>
      <Classes />
    </Module>
    <Module skippedDueTo="Filter" hash="F9-26-15-00-F2-BC-8F-B4-FF-13-16-32-48-33-B0-89-B5-E2-30-B6">
      <ModulePath>C:\Users\Thanos\Documents\LINQBridgeVs\test\bridge.grapple.unittest\bin\test\bridgevs.grapple.unittest.dll</ModulePath>
      <ModuleTime>2018-03-31T02:04:25.5503937Z</ModuleTime>
      <ModuleName>BridgeVs.Grapple.UnitTest</ModuleName>
      <Classes />
    </Module>
    <Module hash="4B-7C-27-A4-1C-43-AA-A4-72-00-A0-F3-59-20-CC-95-E8-5D-90-8A">
      <Summary numSequencePoints="289" visitedSequencePoints="0" numBranchPoints="67" visitedBranchPoints="0" sequenceCoverage="0" branchCoverage="0" maxCyclomaticComplexity="7" minCyclomaticComplexity="1" visitedClasses="0" numClasses="14" visitedMethods="0" numMethods="51" />
      <ModulePath>C:\Users\Thanos\Documents\LINQBridgeVs\test\bridge.grapple.unittest\bin\test\BridgeVs.Grapple.dll</ModulePath>
      <ModuleTime>2018-03-31T02:03:41.084247Z</ModuleTime>
      <ModuleName>BridgeVs.Grapple</ModuleName>
      <Files>
        <File uid="1" fullPath="C:\Users\Thanos\Documents\LINQBridgeVs\Src\Grapple\Resource.Designer.cs" />
        <File uid="2" fullPath="C:\Users\Thanos\Documents\LINQBridgeVs\Src\Grapple\Truck.cs" />
        <File uid="8" fullPath="C:\Users\Thanos\Documents\LINQBridgeVs\Src\Grapple\Grapple\BinaryGrapple.cs" />
        <File uid="9" fullPath="C:\Users\Thanos\Documents\LINQBridgeVs\Src\Grapple\Extensions\DictionaryExtensions.cs" />
        <File uid="11" fullPath="C:\Users\Thanos\Documents\LINQBridgeVs\Src\Grapple\Serialization\DefaultSerializer.cs" />
        <File uid="12" fullPath="C:\Users\Thanos\Documents\LINQBridgeVs\Src\Grapple\Serialization\FactorySerializer.cs" />
        <File uid="13" fullPath="C:\Users\Thanos\Documents\LINQBridgeVs\Src\Grapple\Serialization\JsonSerializer.cs" />
        <File uid="14" fullPath="C:\Users\Thanos\Documents\LINQBridgeVs\Src\Grapple\Serialization\SerializationHandler.cs" />
      </Files>
      <Classes>
        <Class>
          <Summary numSequencePoints="0" visitedSequencePoints="0" numBranchPoints="0" visitedBranchPoints="0" sequenceCoverage="0" branchCoverage="0" maxCyclomaticComplexity="0" minCyclomaticComplexity="0" visitedClasses="0" numClasses="0" visitedMethods="0" numMethods="0" />
          <FullName>&lt;Module&gt;</FullName>
          <Methods />
        </Class>
        <Class>
          <Summary numSequencePoints="0" visitedSequencePoints="0" numBranchPoints="0" visitedBranchPoints="0" sequenceCoverage="0" branchCoverage="0" maxCyclomaticComplexity="7" minCyclomaticComplexity="1" visitedClasses="0" numClasses="0" visitedMethods="0" numMethods="0" />
          <FullName>&lt;&gt;f__AnonymousType0`2</FullName>
          <Methods>
            <Method visited="false" cyclomaticComplexity="1" nPathComplexity="0" sequenceCoverage="0" branchCoverage="0" isConstructor="false" isStatic="false" isGetter="true" isSetter="false">
              <Summary numSequencePoints="0" visitedSequencePoints="0" numBranchPoints="0" visitedBranchPoints="0" sequenceCoverage="0" branchCoverage="0" maxCyclomaticComplexity="1" minCyclomaticComplexity="1" visitedClasses="0" numClasses="0" visitedMethods="0" numMethods="0" />
              <MetadataToken>100663297</MetadataToken>
              <Name>&lt;i&gt;j__TPar &lt;&gt;f__AnonymousType0`2::get_i()</Name>
              <SequencePoints />
              <BranchPoints />
              <MethodPoint vc="0" uspid="1" ordinal="0" offset="0" />
            </Method>
            <Method visited="false" cyclomaticComplexity="1" nPathComplexity="0" sequenceCoverage="0" branchCoverage="0" isConstructor="false" isStatic="false" isGetter="true" isSetter="false">
              <Summary numSequencePoints="0" visitedSequencePoints="0" numBranchPoints="0" visitedBranchPoints="0" sequenceCoverage="0" branchCoverage="0" maxCyclomaticComplexity="1" minCyclomaticComplexity="1" visitedClasses="0" numClasses="0" visitedMethods="0" numMethods="0" />
              <MetadataToken>100663298</MetadataToken>
              <Name>&lt;objects&gt;j__TPar &lt;&gt;f__AnonymousType0`2::get_objects()</Name>
              <SequencePoints />
              <BranchPoints />
              <MethodPoint vc="0" uspid="2" ordinal="0" offset="0" />
            </Method>
            <Method visited="false" cyclomaticComplexity="1" nPathComplexity="0" sequenceCoverage="0" branchCoverage="0" isConstructor="true" isStatic="false" isGetter="false" isSetter="false">
              <Summary numSequencePoints="0" visitedSequencePoints="0" numBranchPoints="0" visitedBranchPoints="0" sequenceCoverage="0" branchCoverage="0" maxCyclomaticComplexity="1" minCyclomaticComplexity="1" visitedClasses="0" numClasses="0" visitedMethods="0" numMethods="0" />
              <MetadataToken>100663299</MetadataToken>
              <Name>System.Void &lt;&gt;f__AnonymousType0`2::.ctor(&lt;i&gt;j__TPar,&lt;objects&gt;j__TPar)</Name>
              <SequencePoints />
              <BranchPoints />
              <MethodPoint vc="0" uspid="3" ordinal="0" offset="0" />
            </Method>
            <Method visited="false" cyclomaticComplexity="3" nPathComplexity="0" sequenceCoverage="0" branchCoverage="0" isConstructor="false" isStatic="false" isGetter="false" isSetter="false">
              <Summary numSequencePoints="0" visitedSequencePoints="0" numBranchPoints="0" visitedBranchPoints="0" sequenceCoverage="0" branchCoverage="0" maxCyclomaticComplexity="3" minCyclomaticComplexity="3" visitedClasses="0" numClasses="0" visitedMethods="0" numMethods="0" />
              <MetadataToken>100663300</MetadataToken>
              <Name>System.Boolean &lt;&gt;f__AnonymousType0`2::Equals(System.Object)</Name>
              <SequencePoints />
              <BranchPoints />
              <MethodPoint vc="0" uspid="4" ordinal="0" offset="0" />
            </Method>
            <Method visited="false" cyclomaticComplexity="1" nPathComplexity="0" sequenceCoverage="0" branchCoverage="0" isConstructor="false" isStatic="false" isGetter="false" isSetter="false">
              <Summary numSequencePoints="0" visitedSequencePoints="0" numBranchPoints="0" visitedBranchPoints="0" sequenceCoverage="0" branchCoverage="0" maxCyclomaticComplexity="1" minCyclomaticComplexity="1" visitedClasses="0" numClasses="0" visitedMethods="0" numMethods="0" />
              <MetadataToken>100663301</MetadataToken>
              <Name>System.Int32 &lt;&gt;f__AnonymousType0`2::GetHashCode()</Name>
              <SequencePoints />
              <BranchPoints />
              <MethodPoint vc="0" uspid="5" ordinal="0" offset="0" />
            </Method>
            <Method visited="false" cyclomaticComplexity="7" nPathComplexity="0" sequenceCoverage="0" branchCoverage="0" isConstructor="false" isStatic="false" isGetter="false" isSetter="false">
              <Summary numSequencePoints="0" visitedSequencePoints="0" numBranchPoints="0" visitedBranchPoints="0" sequenceCoverage="0" branchCoverage="0" maxCyclomaticComplexity="7" minCyclomaticComplexity="7" visitedClasses="0" numClasses="0" visitedMethods="0" numMethods="0" />
              <MetadataToken>100663302</MetadataToken>
              <Name>System.String &lt;&gt;f__AnonymousType0`2::ToString()</Name>
              <SequencePoints />
              <BranchPoints />
              <MethodPoint vc="0" uspid="6" ordinal="0" offset="0" />
            </Method>
          </Methods>
        </Class>
        <Class>
          <Summary numSequencePoints="20" visitedSequencePoints="0" numBranchPoints="7" visitedBranchPoints="0" sequenceCoverage="0" branchCoverage="0" maxCyclomaticComplexity="2" minCyclomaticComplexity="1" visitedClasses="0" numClasses="1" visitedMethods="0" numMethods="5" />
          <FullName>BridgeVs.Grapple.Resource</FullName>
          <Methods>
            <Method visited="false" cyclomaticComplexity="2" nPathComplexity="2" sequenceCoverage="0" branchCoverage="0" isConstructor="false" isStatic="true" isGetter="true" isSetter="false">
              <Summary numSequencePoints="8" visitedSequencePoints="0" numBranchPoints="3" visitedBranchPoints="0" sequenceCoverage="0" branchCoverage="0" maxCyclomaticComplexity="2" minCyclomaticComplexity="2" visitedClasses="0" numClasses="0" visitedMethods="0" numMethods="1" />
              <MetadataToken>100663304</MetadataToken>
              <Name>System.Resources.ResourceManager BridgeVs.Grapple.Resource::get_ResourceManager()</Name>
              <FileRef uid="1" />
              <SequencePoints>
                <SequencePoint vc="0" uspid="7" ordinal="0" offset="0" sl="40" sc="17" el="40" ec="18" bec="0" bev="0" fileid="1" />
                <SequencePoint vc="0" uspid="8" ordinal="1" offset="1" sl="41" sc="17" el="41" ec="63" bec="2" bev="0" fileid="1" />
                <SequencePoint vc="0" uspid="9" ordinal="2" offset="13" sl="41" sc="64" el="41" ec="65" bec="0" bev="0" fileid="1" />
                <SequencePoint vc="0" uspid="10" ordinal="3" offset="14" sl="42" sc="21" el="42" ec="170" bec="0" bev="0" fileid="1" />
                <SequencePoint vc="0" uspid="11" ordinal="4" offset="40" sl="43" sc="21" el="43" ec="40" bec="0" bev="0" fileid="1" />
                <SequencePoint vc="0" uspid="12" ordinal="5" offset="46" sl="44" sc="17" el="44" ec="18" bec="0" bev="0" fileid="1" />
                <SequencePoint vc="0" uspid="13" ordinal="6" offset="47" sl="45" sc="17" el="45" ec="36" bec="0" bev="0" fileid="1" />
                <SequencePoint vc="0" uspid="14" ordinal="7" offset="55" sl="46" sc="13" el="46" ec="14" bec="0" bev="0" fileid="1" />
              </SequencePoints>
              <BranchPoints>
                <BranchPoint vc="0" uspid="15" ordinal="0" offset="11" sl="41" path="0" offsetend="13" fileid="1" />
                <BranchPoint vc="0" uspid="16" ordinal="1" offset="11" sl="41" path="1" offsetend="47" fileid="1" />
              </BranchPoints>
              <MethodPoint xsi:type="SequencePoint" vc="0" uspid="7" ordinal="0" offset="0" sl="40" sc="17" el="40" ec="18" bec="0" bev="0" fileid="1" />
            </Method>
            <Method visited="false" cyclomaticComplexity="1" nPathComplexity="0" sequenceCoverage="0" branchCoverage="0" isConstructor="false" isStatic="true" isGetter="true" isSetter="false">
              <Summary numSequencePoints="3" visitedSequencePoints="0" numBranchPoints="1" visitedBranchPoints="0" sequenceCoverage="0" branchCoverage="0" maxCyclomaticComplexity="1" minCyclomaticComplexity="1" visitedClasses="0" numClasses="0" visitedMethods="0" numMethods="1" />
              <MetadataToken>100663305</MetadataToken>
              <Name>System.Globalization.CultureInfo BridgeVs.Grapple.Resource::get_Culture()</Name>
              <FileRef uid="1" />
              <SequencePoints>
                <SequencePoint vc="0" uspid="17" ordinal="0" offset="0" sl="55" sc="17" el="55" ec="18" bec="0" bev="0" fileid="1" />
                <SequencePoint vc="0" uspid="18" ordinal="1" offset="1" sl="56" sc="17" el="56" ec="40" bec="0" bev="0" fileid="1" />
                <SequencePoint vc="0" uspid="19" ordinal="2" offset="9" sl="57" sc="13" el="57" ec="14" bec="0" bev="0" fileid="1" />
              </SequencePoints>
              <BranchPoints />
              <MethodPoint xsi:type="SequencePoint" vc="0" uspid="17" ordinal="0" offset="0" sl="55" sc="17" el="55" ec="18" bec="0" bev="0" fileid="1" />
            </Method>
            <Method visited="false" cyclomaticComplexity="1" nPathComplexity="0" sequenceCoverage="0" branchCoverage="0" isConstructor="false" isStatic="true" isGetter="false" isSetter="true">
              <Summary numSequencePoints="3" visitedSequencePoints="0" numBranchPoints="1" visitedBranchPoints="0" sequenceCoverage="0" branchCoverage="0" maxCyclomaticComplexity="1" minCyclomaticComplexity="1" visitedClasses="0" numClasses="0" visitedMethods="0" numMethods="1" />
              <MetadataToken>100663306</MetadataToken>
              <Name>System.Void BridgeVs.Grapple.Resource::set_Culture(System.Globalization.CultureInfo)</Name>
              <FileRef uid="1" />
              <SequencePoints>
                <SequencePoint vc="0" uspid="20" ordinal="0" offset="0" sl="58" sc="17" el="58" ec="18" bec="0" bev="0" fileid="1" />
                <SequencePoint vc="0" uspid="21" ordinal="1" offset="1" sl="59" sc="17" el="59" ec="41" bec="0" bev="0" fileid="1" />
                <SequencePoint vc="0" uspid="22" ordinal="2" offset="7" sl="60" sc="13" el="60" ec="14" bec="0" bev="0" fileid="1" />
              </SequencePoints>
              <BranchPoints />
              <MethodPoint xsi:type="SequencePoint" vc="0" uspid="20" ordinal="0" offset="0" sl="58" sc="17" el="58" ec="18" bec="0" bev="0" fileid="1" />
            </Method>
            <Method visited="false" cyclomaticComplexity="1" nPathComplexity="0" sequenceCoverage="0" branchCoverage="0" isConstructor="false" isStatic="true" isGetter="true" isSetter="false">
              <Summary numSequencePoints="3" visitedSequencePoints="0" numBranchPoints="1" visitedBranchPoints="0" sequenceCoverage="0" branchCoverage="0" maxCyclomaticComplexity="1" minCyclomaticComplexity="1" visitedClasses="0" numClasses="0" visitedMethods="0" numMethods="1" />
              <MetadataToken>100663307</MetadataToken>
              <Name>System.String BridgeVs.Grapple.Resource::get_ProductName()</Name>
              <FileRef uid="1" />
              <SequencePoints>
                <SequencePoint vc="0" uspid="23" ordinal="0" offset="0" sl="67" sc="17" el="67" ec="18" bec="0" bev="0" fileid="1" />
                <SequencePoint vc="0" uspid="24" ordinal="1" offset="1" sl="68" sc="17" el="68" ec="82" bec="0" bev="0" fileid="1" />
                <SequencePoint vc="0" uspid="25" ordinal="2" offset="24" sl="69" sc="13" el="69" ec="14" bec="0" bev="0" fileid="1" />
              </SequencePoints>
              <BranchPoints />
              <MethodPoint xsi:type="SequencePoint" vc="0" uspid="23" ordinal="0" offset="0" sl="67" sc="17" el="67" ec="18" bec="0" bev="0" fileid="1" />
            </Method>
            <Method visited="false" cyclomaticComplexity="1" nPathComplexity="0" sequenceCoverage="0" branchCoverage="0" isConstructor="true" isStatic="false" isGetter="false" isSetter="false">
              <Summary numSequencePoints="3" visitedSequencePoints="0" numBranchPoints="1" visitedBranchPoints="0" sequenceCoverage="0" branchCoverage="0" maxCyclomaticComplexity="1" minCyclomaticComplexity="1" visitedClasses="0" numClasses="0" visitedMethods="0" numMethods="1" />
              <MetadataToken>100663303</MetadataToken>
              <Name>System.Void BridgeVs.Grapple.Resource::.ctor()</Name>
              <FileRef uid="1" />
              <SequencePoints>
                <SequencePoint vc="0" uspid="26" ordinal="0" offset="0" sl="32" sc="9" el="32" ec="28" bec="0" bev="0" fileid="1" />
                <SequencePoint vc="0" uspid="27" ordinal="1" offset="7" sl="32" sc="29" el="32" ec="30" bec="0" bev="0" fileid="1" />
                <SequencePoint vc="0" uspid="28" ordinal="2" offset="8" sl="33" sc="9" el="33" ec="10" bec="0" bev="0" fileid="1" />
              </SequencePoints>
              <BranchPoints />
              <MethodPoint xsi:type="SequencePoint" vc="0" uspid="26" ordinal="0" offset="0" sl="32" sc="9" el="32" ec="28" bec="0" bev="0" fileid="1" />
            </Method>
          </Methods>
        </Class>
        <Class>
          <Summary numSequencePoints="97" visitedSequencePoints="0" numBranchPoints="22" visitedBranchPoints="0" sequenceCoverage="0" branchCoverage="0" maxCyclomaticComplexity="4" minCyclomaticComplexity="1" visitedClasses="0" numClasses="1" visitedMethods="0" numMethods="12" />
          <FullName>BridgeVs.Grapple.Truck</FullName>
          <Methods>
            <Method visited="false" cyclomaticComplexity="1" nPathComplexity="0" sequenceCoverage="0" branchCoverage="0" isConstructor="false" isStatic="false" isGetter="true" isSetter="false">
              <Summary numSequencePoints="1" visitedSequencePoints="0" numBranchPoints="1" visitedBranchPoints="0" sequenceCoverage="0" branchCoverage="0" maxCyclomaticComplexity="1" minCyclomaticComplexity="1" visitedClasses="0" numClasses="0" visitedMethods="0" numMethods="1" />
              <MetadataToken>100663308</MetadataToken>
              <Name>System.String BridgeVs.Grapple.Truck::get_TruckPosition()</Name>
              <FileRef uid="2" />
              <SequencePoints>
                <SequencePoint vc="0" uspid="29" ordinal="0" offset="0" sl="55" sc="41" el="55" ec="84" bec="0" bev="0" fileid="2" />
              </SequencePoints>
              <BranchPoints />
              <MethodPoint xsi:type="SequencePoint" vc="0" uspid="29" ordinal="0" offset="0" sl="55" sc="41" el="55" ec="84" bec="0" bev="0" fileid="2" />
            </Method>
            <Method visited="false" cyclomaticComplexity="1" nPathComplexity="0" sequenceCoverage="0" branchCoverage="0" isConstructor="true" isStatic="false" isGetter="false" isSetter="false">
              <Summary numSequencePoints="3" visitedSequencePoints="0" numBranchPoints="1" visitedBranchPoints="0" sequenceCoverage="0" branchCoverage="0" maxCyclomaticComplexity="1" minCyclomaticComplexity="1" visitedClasses="0" numClasses="0" visitedMethods="0" numMethods="1" />
              <MetadataToken>100663309</MetadataToken>
              <Name>System.Void BridgeVs.Grapple.Truck::.ctor(System.String)</Name>
              <FileRef uid="2" />
              <SequencePoints>
                <SequencePoint vc="0" uspid="30" ordinal="0" offset="0" sl="62" sc="15" el="62" ec="51" bec="0" bev="0" fileid="2" />
                <SequencePoint vc="0" uspid="31" ordinal="1" offset="13" sl="63" sc="9" el="63" ec="10" bec="0" bev="0" fileid="2" />
                <SequencePoint vc="0" uspid="32" ordinal="2" offset="14" sl="64" sc="9" el="64" ec="10" bec="0" bev="0" fileid="2" />
              </SequencePoints>
              <BranchPoints />
              <MethodPoint xsi:type="SequencePoint" vc="0" uspid="30" ordinal="0" offset="0" sl="62" sc="15" el="62" ec="51" bec="0" bev="0" fileid="2" />
            </Method>
            <Method visited="false" cyclomaticComplexity="1" nPathComplexity="0" sequenceCoverage="0" branchCoverage="0" isConstructor="true" isStatic="false" isGetter="false" isSetter="false">
              <Summary numSequencePoints="9" visitedSequencePoints="0" numBranchPoints="1" visitedBranchPoints="0" sequenceCoverage="0" branchCoverage="0" maxCyclomaticComplexity="1" minCyclomaticComplexity="1" visitedClasses="0" numClasses="0" visitedMethods="0" numMethods="1" />
              <MetadataToken>100663310</MetadataToken>
              <Name>System.Void BridgeVs.Grapple.Truck::.ctor(System.String,BridgeVs.Grapple.Contracts.IGrapple)</Name>
              <FileRef uid="2" />
              <SequencePoints>
                <SequencePoint vc="0" uspid="33" ordinal="0" offset="0" sl="49" sc="9" el="49" ec="98" bec="0" bev="0" fileid="2" />
                <SequencePoint vc="0" uspid="34" ordinal="1" offset="11" sl="66" sc="9" el="66" ec="59" bec="0" bev="0" fileid="2" />
                <SequencePoint vc="0" uspid="35" ordinal="2" offset="18" sl="67" sc="9" el="67" ec="10" bec="0" bev="0" fileid="2" />
                <SequencePoint vc="0" uspid="36" ordinal="3" offset="19" sl="68" sc="13" el="68" ec="52" bec="0" bev="0" fileid="2" />
                <SequencePoint vc="0" uspid="37" ordinal="4" offset="36" sl="70" sc="13" el="70" ec="62" bec="0" bev="0" fileid="2" />
                <SequencePoint vc="0" uspid="38" ordinal="5" offset="57" sl="71" sc="13" el="71" ec="36" bec="0" bev="0" fileid="2" />
                <SequencePoint vc="0" uspid="39" ordinal="6" offset="64" sl="72" sc="13" el="72" ec="32" bec="0" bev="0" fileid="2" />
                <SequencePoint vc="0" uspid="40" ordinal="7" offset="71" sl="73" sc="13" el="73" ec="49" bec="0" bev="0" fileid="2" />
                <SequencePoint vc="0" uspid="41" ordinal="8" offset="83" sl="74" sc="9" el="74" ec="10" bec="0" bev="0" fileid="2" />
              </SequencePoints>
              <BranchPoints />
              <MethodPoint xsi:type="SequencePoint" vc="0" uspid="33" ordinal="0" offset="0" sl="49" sc="9" el="49" ec="98" bec="0" bev="0" fileid="2" />
            </Method>
            <Method visited="false" cyclomaticComplexity="2" nPathComplexity="2" sequenceCoverage="0" branchCoverage="0" isConstructor="false" isStatic="false" isGetter="false" isSetter="false">
              <Summary numSequencePoints="9" visitedSequencePoints="0" numBranchPoints="3" visitedBranchPoints="0" sequenceCoverage="0" branchCoverage="0" maxCyclomaticComplexity="2" minCyclomaticComplexity="2" visitedClasses="0" numClasses="0" visitedMethods="0" numMethods="1" />
              <MetadataToken>100663311</MetadataToken>
              <Name>System.Void BridgeVs.Grapple.Truck::LoadCargo(T)</Name>
              <FileRef uid="2" />
              <SequencePoints>
                <SequencePoint vc="0" uspid="42" ordinal="0" offset="0" sl="82" sc="9" el="82" ec="10" bec="0" bev="0" fileid="2" />
                <SequencePoint vc="0" uspid="43" ordinal="1" offset="1" sl="83" sc="13" el="83" ec="40" bec="0" bev="0" fileid="2" />
                <SequencePoint vc="0" uspid="44" ordinal="2" offset="18" sl="84" sc="13" el="84" ec="70" bec="0" bev="0" fileid="2" />
                <SequencePoint vc="0" uspid="45" ordinal="3" offset="31" sl="86" sc="13" el="86" ec="54" bec="0" bev="0" fileid="2" />
                <SequencePoint vc="0" uspid="46" ordinal="4" offset="38" sl="88" sc="13" el="88" ec="55" bec="2" bev="0" fileid="2" />
                <SequencePoint vc="0" uspid="47" ordinal="5" offset="57" sl="89" sc="17" el="89" ec="89" bec="0" bev="0" fileid="2" />
                <SequencePoint vc="0" uspid="48" ordinal="6" offset="90" sl="91" sc="17" el="91" ec="68" bec="0" bev="0" fileid="2" />
                <SequencePoint vc="0" uspid="49" ordinal="7" offset="114" sl="93" sc="13" el="93" ec="39" bec="0" bev="0" fileid="2" />
                <SequencePoint vc="0" uspid="50" ordinal="8" offset="131" sl="94" sc="9" el="94" ec="10" bec="0" bev="0" fileid="2" />
              </SequencePoints>
              <BranchPoints>
                <BranchPoint vc="0" uspid="51" ordinal="0" offset="55" sl="88" path="0" offsetend="57" fileid="2" />
                <BranchPoint vc="0" uspid="52" ordinal="1" offset="55" sl="88" path="1" offsetend="90" fileid="2" />
              </BranchPoints>
              <MethodPoint xsi:type="SequencePoint" vc="0" uspid="42" ordinal="0" offset="0" sl="82" sc="9" el="82" ec="10" bec="0" bev="0" fileid="2" />
            </Method>
            <Method visited="false" cyclomaticComplexity="3" nPathComplexity="0" sequenceCoverage="0" branchCoverage="0" isConstructor="false" isStatic="false" isGetter="false" isSetter="false">
              <Summary numSequencePoints="18" visitedSequencePoints="0" numBranchPoints="1" visitedBranchPoints="0" sequenceCoverage="0" branchCoverage="0" maxCyclomaticComplexity="3" minCyclomaticComplexity="3" visitedClasses="0" numClasses="0" visitedMethods="0" numMethods="1" />
              <MetadataToken>100663312</MetadataToken>
              <Name>System.Boolean BridgeVs.Grapple.Truck::DeliverTo(System.String)</Name>
              <FileRef uid="2" />
              <SequencePoints>
                <SequencePoint vc="0" uspid="53" ordinal="0" offset="0" sl="102" sc="9" el="102" ec="10" bec="0" bev="0" fileid="2" />
                <SequencePoint vc="0" uspid="54" ordinal="1" offset="1" sl="103" sc="13" el="103" ec="59" bec="0" bev="0" fileid="2" />
                <SequencePoint vc="0" uspid="55" ordinal="2" offset="22" sl="106" sc="13" el="106" ec="14" bec="0" bev="0" fileid="2" />
                <SequencePoint vc="0" uspid="56" ordinal="3" offset="23" sl="107" sc="17" el="107" ec="72" bec="0" bev="0" fileid="2" />
                <SequencePoint vc="0" uspid="57" ordinal="4" offset="41" sl="109" sc="24" el="116" ec="29" bec="0" bev="0" fileid="2" />
                <SequencePoint vc="0" uspid="58" ordinal="5" offset="92" sl="117" sc="17" el="117" ec="18" bec="0" bev="0" fileid="2" />
                <SequencePoint vc="0" uspid="59" ordinal="6" offset="93" sl="118" sc="28" el="118" ec="130" bec="0" bev="0" fileid="2" />
                <SequencePoint vc="0" uspid="60" ordinal="7" offset="105" sl="119" sc="21" el="119" ec="22" bec="0" bev="0" fileid="2" />
                <SequencePoint vc="0" uspid="61" ordinal="8" offset="106" sl="120" sc="25" el="120" ec="76" bec="0" bev="0" fileid="2" />
                <SequencePoint vc="0" uspid="62" ordinal="9" offset="128" sl="121" sc="21" el="121" ec="22" bec="0" bev="0" fileid="2" />
                <SequencePoint vc="0" uspid="63" ordinal="10" offset="142" sl="122" sc="17" el="122" ec="18" bec="0" bev="0" fileid="2" />
                <SequencePoint vc="0" uspid="64" ordinal="11" offset="156" sl="123" sc="17" el="123" ec="72" bec="0" bev="0" fileid="2" />
                <SequencePoint vc="0" uspid="65" ordinal="12" offset="177" sl="125" sc="17" el="125" ec="29" bec="0" bev="0" fileid="2" />
                <SequencePoint vc="0" uspid="66" ordinal="13" offset="181" sl="127" sc="13" el="127" ec="32" bec="0" bev="0" fileid="2" />
                <SequencePoint vc="0" uspid="67" ordinal="14" offset="183" sl="128" sc="13" el="128" ec="14" bec="0" bev="0" fileid="2" />
                <SequencePoint vc="0" uspid="68" ordinal="15" offset="184" sl="129" sc="17" el="129" ec="57" bec="0" bev="0" fileid="2" />
                <SequencePoint vc="0" uspid="69" ordinal="16" offset="197" sl="130" sc="17" el="130" ec="23" bec="0" bev="0" fileid="2" />
                <SequencePoint vc="0" uspid="70" ordinal="17" offset="199" sl="132" sc="9" el="132" ec="10" bec="0" bev="0" fileid="2" />
              </SequencePoints>
              <BranchPoints />
              <MethodPoint xsi:type="SequencePoint" vc="0" uspid="53" ordinal="0" offset="0" sl="102" sc="9" el="102" ec="10" bec="0" bev="0" fileid="2" />
            </Method>
            <Method visited="false" cyclomaticComplexity="2" nPathComplexity="0" sequenceCoverage="0" branchCoverage="0" isConstructor="false" isStatic="false" isGetter="false" isSetter="false">
              <Summary numSequencePoints="5" visitedSequencePoints="0" numBranchPoints="1" visitedBranchPoints="0" sequenceCoverage="0" branchCoverage="0" maxCyclomaticComplexity="2" minCyclomaticComplexity="2" visitedClasses="0" numClasses="0" visitedMethods="0" numMethods="1" />
              <MetadataToken>100663313</MetadataToken>
              <Name>System.Collections.Generic.IEnumerable`1&lt;T&gt; BridgeVs.Grapple.Truck::UnLoadCargo()</Name>
              <FileRef uid="2" />
              <SequencePoints>
                <SequencePoint vc="0" uspid="71" ordinal="0" offset="13" sl="140" sc="9" el="140" ec="10" bec="0" bev="0" fileid="2" />
                <SequencePoint vc="0" uspid="72" ordinal="1" offset="14" sl="141" sc="13" el="141" ec="74" bec="0" bev="0" fileid="2" />
                <SequencePoint vc="0" uspid="73" ordinal="2" offset="49" sl="143" sc="13" el="143" ec="43" bec="0" bev="0" fileid="2" />
                <SequencePoint vc="0" uspid="74" ordinal="3" offset="65" sl="144" sc="13" el="148" ec="41" bec="0" bev="0" fileid="2" />
                <SequencePoint vc="0" uspid="75" ordinal="4" offset="166" sl="150" sc="9" el="150" ec="10" bec="0" bev="0" fileid="2" />
              </SequencePoints>
              <BranchPoints />
              <MethodPoint vc="0" uspid="78" ordinal="0" offset="0" />
            </Method>
            <Method visited="false" cyclomaticComplexity="2" nPathComplexity="0" sequenceCoverage="0" branchCoverage="0" isConstructor="false" isStatic="false" isGetter="false" isSetter="false">
              <Summary numSequencePoints="4" visitedSequencePoints="0" numBranchPoints="1" visitedBranchPoints="0" sequenceCoverage="0" branchCoverage="0" maxCyclomaticComplexity="2" minCyclomaticComplexity="2" visitedClasses="0" numClasses="0" visitedMethods="0" numMethods="1" />
              <MetadataToken>100663314</MetadataToken>
              <Name>System.Collections.Generic.IEnumerable`1&lt;System.Object&gt; BridgeVs.Grapple.Truck::UnLoadCargo(System.Type)</Name>
              <FileRef uid="2" />
              <SequencePoints>
                <SequencePoint vc="0" uspid="79" ordinal="0" offset="20" sl="158" sc="9" el="158" ec="10" bec="0" bev="0" fileid="2" />
                <SequencePoint vc="0" uspid="80" ordinal="1" offset="21" sl="159" sc="13" el="159" ec="70" bec="0" bev="0" fileid="2" />
                <SequencePoint vc="0" uspid="81" ordinal="2" offset="52" sl="161" sc="13" el="165" ec="40" bec="0" bev="0" fileid="2" />
                <SequencePoint vc="0" uspid="82" ordinal="3" offset="153" sl="166" sc="9" el="166" ec="10" bec="0" bev="0" fileid="2" />
              </SequencePoints>
              <BranchPoints />
              <MethodPoint vc="0" uspid="85" ordinal="0" offset="0" />
            </Method>
            <Method visited="false" cyclomaticComplexity="2" nPathComplexity="0" sequenceCoverage="0" branchCoverage="0" isConstructor="false" isStatic="false" isGetter="false" isSetter="false">
              <Summary numSequencePoints="8" visitedSequencePoints="0" numBranchPoints="1" visitedBranchPoints="0" sequenceCoverage="0" branchCoverage="0" maxCyclomaticComplexity="2" minCyclomaticComplexity="2" visitedClasses="0" numClasses="0" visitedMethods="0" numMethods="1" />
              <MetadataToken>100663315</MetadataToken>
              <Name>System.Threading.Tasks.Task BridgeVs.Grapple.Truck::WaitDelivery(System.String,System.Int32)</Name>
              <FileRef uid="2" />
              <SequencePoints>
                <SequencePoint vc="0" uspid="86" ordinal="0" offset="27" sl="176" sc="9" el="176" ec="10" bec="0" bev="0" fileid="2" />
                <SequencePoint vc="0" uspid="87" ordinal="1" offset="28" sl="178" sc="13" el="178" ec="14" bec="0" bev="0" fileid="2" />
                <SequencePoint vc="0" uspid="88" ordinal="2" offset="29" sl="179" sc="17" el="179" ec="88" bec="0" bev="0" fileid="2" />
                <SequencePoint vc="0" uspid="89" ordinal="3" offset="54" sl="181" sc="13" el="181" ec="42" bec="0" bev="0" fileid="2" />
                <SequencePoint vc="0" uspid="90" ordinal="4" offset="55" sl="182" sc="13" el="182" ec="14" bec="0" bev="0" fileid="2" />
                <SequencePoint vc="0" uspid="91" ordinal="5" offset="56" sl="183" sc="17" el="187" ec="20" bec="0" bev="0" fileid="2" />
                <SequencePoint vc="0" uspid="92" ordinal="6" offset="94" sl="188" sc="17" el="188" ec="36" bec="0" bev="0" fileid="2" />
                <SequencePoint vc="0" uspid="93" ordinal="7" offset="101" sl="190" sc="9" el="190" ec="10" bec="0" bev="0" fileid="2" />
              </SequencePoints>
              <BranchPoints />
              <MethodPoint vc="0" uspid="96" ordinal="0" offset="0" />
            </Method>
            <Method visited="false" cyclomaticComplexity="3" nPathComplexity="4" sequenceCoverage="0" branchCoverage="0" isConstructor="false" isStatic="false" isGetter="false" isSetter="false">
              <Summary numSequencePoints="17" visitedSequencePoints="0" numBranchPoints="5" visitedBranchPoints="0" sequenceCoverage="0" branchCoverage="0" maxCyclomaticComplexity="3" minCyclomaticComplexity="3" visitedClasses="0" numClasses="0" visitedMethods="0" numMethods="1" />
              <MetadataToken>100663316</MetadataToken>
              <Name>System.Void BridgeVs.Grapple.Truck::WaitForNextTruck(System.String,System.Int32)</Name>
              <FileRef uid="2" />
              <SequencePoints>
                <SequencePoint vc="0" uspid="97" ordinal="0" offset="0" sl="193" sc="9" el="193" ec="10" bec="0" bev="0" fileid="2" />
                <SequencePoint vc="0" uspid="98" ordinal="1" offset="1" sl="196" sc="13" el="196" ec="30" bec="2" bev="0" fileid="2" />
                <SequencePoint vc="0" uspid="99" ordinal="2" offset="9" sl="196" sc="31" el="196" ec="38" bec="0" bev="0" fileid="2" />
                <SequencePoint vc="0" uspid="100" ordinal="3" offset="12" sl="199" sc="13" el="199" ec="14" bec="0" bev="0" fileid="2" />
                <SequencePoint vc="0" uspid="101" ordinal="4" offset="13" sl="200" sc="17" el="200" ec="58" bec="0" bev="0" fileid="2" />
                <SequencePoint vc="0" uspid="102" ordinal="5" offset="21" sl="202" sc="17" el="202" ec="40" bec="2" bev="0" fileid="2" />
                <SequencePoint vc="0" uspid="103" ordinal="6" offset="30" sl="203" sc="17" el="203" ec="18" bec="0" bev="0" fileid="2" />
                <SequencePoint vc="0" uspid="104" ordinal="7" offset="31" sl="204" sc="21" el="204" ec="43" bec="0" bev="0" fileid="2" />
                <SequencePoint vc="0" uspid="105" ordinal="8" offset="39" sl="205" sc="21" el="205" ec="66" bec="0" bev="0" fileid="2" />
                <SequencePoint vc="0" uspid="106" ordinal="9" offset="51" sl="206" sc="17" el="206" ec="18" bec="0" bev="0" fileid="2" />
                <SequencePoint vc="0" uspid="107" ordinal="10" offset="54" sl="209" sc="21" el="211" ec="48" bec="0" bev="0" fileid="2" />
                <SequencePoint vc="0" uspid="108" ordinal="11" offset="92" sl="213" sc="13" el="213" ec="14" bec="0" bev="0" fileid="2" />
                <SequencePoint vc="0" uspid="109" ordinal="12" offset="95" sl="214" sc="13" el="214" ec="32" bec="0" bev="0" fileid="2" />
                <SequencePoint vc="0" uspid="110" ordinal="13" offset="96" sl="215" sc="13" el="215" ec="14" bec="0" bev="0" fileid="2" />
                <SequencePoint vc="0" uspid="111" ordinal="14" offset="97" sl="216" sc="17" el="216" ec="74" bec="0" bev="0" fileid="2" />
                <SequencePoint vc="0" uspid="112" ordinal="15" offset="109" sl="217" sc="17" el="217" ec="23" bec="0" bev="0" fileid="2" />
                <SequencePoint vc="0" uspid="113" ordinal="16" offset="111" sl="219" sc="9" el="219" ec="10" bec="0" bev="0" fileid="2" />
              </SequencePoints>
              <BranchPoints>
                <BranchPoint vc="0" uspid="114" ordinal="0" offset="7" sl="196" path="0" offsetchain="9" offsetend="111" fileid="2" />
                <BranchPoint vc="0" uspid="115" ordinal="1" offset="7" sl="196" path="1" offsetend="11" fileid="2" />
                <BranchPoint vc="0" uspid="116" ordinal="2" offset="28" sl="202" path="0" offsetend="30" fileid="2" />
                <BranchPoint vc="0" uspid="117" ordinal="3" offset="28" sl="202" path="1" offsetend="54" fileid="2" />
              </BranchPoints>
              <MethodPoint xsi:type="SequencePoint" vc="0" uspid="97" ordinal="0" offset="0" sl="193" sc="9" el="193" ec="10" bec="0" bev="0" fileid="2" />
            </Method>
            <Method visited="false" cyclomaticComplexity="4" nPathComplexity="2" sequenceCoverage="0" branchCoverage="0" isConstructor="false" isStatic="false" isGetter="false" isSetter="false">
              <Summary numSequencePoints="12" visitedSequencePoints="0" numBranchPoints="3" visitedBranchPoints="0" sequenceCoverage="0" branchCoverage="0" maxCyclomaticComplexity="4" minCyclomaticComplexity="4" visitedClasses="0" numClasses="0" visitedMethods="0" numMethods="1" />
              <MetadataToken>100663317</MetadataToken>
              <Name>System.Byte[] BridgeVs.Grapple.Truck::InternalCollect(System.String)</Name>
              <FileRef uid="2" />
              <SequencePoints>
                <SequencePoint vc="0" uspid="118" ordinal="0" offset="0" sl="222" sc="9" el="222" ec="10" bec="0" bev="0" fileid="2" />
                <SequencePoint vc="0" uspid="119" ordinal="1" offset="1" sl="223" sc="13" el="223" ec="68" bec="0" bev="0" fileid="2" />
                <SequencePoint vc="0" uspid="120" ordinal="2" offset="14" sl="224" sc="13" el="224" ec="40" bec="2" bev="0" fileid="2" />
                <SequencePoint vc="0" uspid="121" ordinal="3" offset="27" sl="224" sc="41" el="224" ec="60" bec="0" bev="0" fileid="2" />
                <SequencePoint vc="0" uspid="122" ordinal="4" offset="36" sl="226" sc="20" el="226" ec="109" bec="0" bev="0" fileid="2" />
                <SequencePoint vc="0" uspid="123" ordinal="5" offset="44" sl="227" sc="13" el="227" ec="14" bec="0" bev="0" fileid="2" />
                <SequencePoint vc="0" uspid="124" ordinal="6" offset="45" sl="228" sc="24" el="228" ec="126" bec="0" bev="0" fileid="2" />
                <SequencePoint vc="0" uspid="125" ordinal="7" offset="58" sl="229" sc="17" el="229" ec="18" bec="0" bev="0" fileid="2" />
                <SequencePoint vc="0" uspid="126" ordinal="8" offset="59" sl="230" sc="21" el="230" ec="60" bec="0" bev="0" fileid="2" />
                <SequencePoint vc="0" uspid="127" ordinal="9" offset="74" sl="231" sc="21" el="231" ec="63" bec="0" bev="0" fileid="2" />
                <SequencePoint vc="0" uspid="128" ordinal="10" offset="93" sl="232" sc="21" el="232" ec="34" bec="0" bev="0" fileid="2" />
                <SequencePoint vc="0" uspid="129" ordinal="11" offset="122" sl="235" sc="9" el="235" ec="10" bec="0" bev="0" fileid="2" />
              </SequencePoints>
              <BranchPoints>
                <BranchPoint vc="0" uspid="130" ordinal="0" offset="25" sl="224" path="0" offsetend="27" fileid="2" />
                <BranchPoint vc="0" uspid="131" ordinal="1" offset="25" sl="224" path="1" offsetend="36" fileid="2" />
              </BranchPoints>
              <MethodPoint xsi:type="SequencePoint" vc="0" uspid="118" ordinal="0" offset="0" sl="222" sc="9" el="222" ec="10" bec="0" bev="0" fileid="2" />
            </Method>
            <Method visited="false" cyclomaticComplexity="2" nPathComplexity="2" sequenceCoverage="0" branchCoverage="0" isConstructor="false" isStatic="true" isGetter="false" isSetter="false">
              <Summary numSequencePoints="10" visitedSequencePoints="0" numBranchPoints="3" visitedBranchPoints="0" sequenceCoverage="0" branchCoverage="0" maxCyclomaticComplexity="2" minCyclomaticComplexity="2" visitedClasses="0" numClasses="0" visitedMethods="0" numMethods="1" />
              <MetadataToken>100663318</MetadataToken>
              <Name>System.Void BridgeVs.Grapple.Truck::CreateDeliveryFolder(System.String)</Name>
              <FileRef uid="2" />
              <SequencePoints>
                <SequencePoint vc="0" uspid="132" ordinal="0" offset="0" sl="238" sc="9" el="238" ec="10" bec="0" bev="0" fileid="2" />
                <SequencePoint vc="0" uspid="133" ordinal="1" offset="1" sl="239" sc="13" el="239" ec="86" bec="0" bev="0" fileid="2" />
                <SequencePoint vc="0" uspid="134" ordinal="2" offset="27" sl="241" sc="13" el="241" ec="43" bec="2" bev="0" fileid="2" />
                <SequencePoint vc="0" uspid="135" ordinal="3" offset="37" sl="241" sc="44" el="241" ec="51" bec="0" bev="0" fileid="2" />
                <SequencePoint vc="0" uspid="136" ordinal="4" offset="39" sl="243" sc="13" el="243" ec="61" bec="0" bev="0" fileid="2" />
                <SequencePoint vc="0" uspid="137" ordinal="5" offset="45" sl="245" sc="13" el="245" ec="99" bec="0" bev="0" fileid="2" />
                <SequencePoint vc="0" uspid="138" ordinal="6" offset="53" sl="246" sc="13" el="246" ec="239" bec="0" bev="0" fileid="2" />
                <SequencePoint vc="0" uspid="139" ordinal="7" offset="74" sl="247" sc="13" el="247" ec="53" bec="0" bev="0" fileid="2" />
                <SequencePoint vc="0" uspid="140" ordinal="8" offset="82" sl="249" sc="13" el="249" ec="54" bec="0" bev="0" fileid="2" />
                <SequencePoint vc="0" uspid="141" ordinal="9" offset="99" sl="250" sc="9" el="250" ec="10" bec="0" bev="0" fileid="2" />
              </SequencePoints>
              <BranchPoints>
                <BranchPoint vc="0" uspid="142" ordinal="0" offset="35" sl="241" path="0" offsetchain="37" offsetend="99" fileid="2" />
                <BranchPoint vc="0" uspid="143" ordinal="1" offset="35" sl="241" path="1" offsetend="39" fileid="2" />
              </BranchPoints>
              <MethodPoint xsi:type="SequencePoint" vc="0" uspid="132" ordinal="0" offset="0" sl="238" sc="9" el="238" ec="10" bec="0" bev="0" fileid="2" />
            </Method>
            <Method visited="false" cyclomaticComplexity="1" nPathComplexity="0" sequenceCoverage="0" branchCoverage="0" isConstructor="true" isStatic="true" isGetter="false" isSetter="false">
              <Summary numSequencePoints="1" visitedSequencePoints="0" numBranchPoints="1" visitedBranchPoints="0" sequenceCoverage="0" branchCoverage="0" maxCyclomaticComplexity="1" minCyclomaticComplexity="1" visitedClasses="0" numClasses="0" visitedMethods="0" numMethods="1" />
              <MetadataToken>100663319</MetadataToken>
              <Name>System.Void BridgeVs.Grapple.Truck::.cctor()</Name>
              <FileRef uid="2" />
              <SequencePoints>
                <SequencePoint vc="0" uspid="144" ordinal="0" offset="0" sl="51" sc="9" el="53" ec="39" bec="0" bev="0" fileid="2" />
              </SequencePoints>
              <BranchPoints />
              <MethodPoint xsi:type="SequencePoint" vc="0" uspid="144" ordinal="0" offset="0" sl="51" sc="9" el="53" ec="39" bec="0" bev="0" fileid="2" />
            </Method>
          </Methods>
        </Class>
        <Class>
          <Summary numSequencePoints="4" visitedSequencePoints="0" numBranchPoints="4" visitedBranchPoints="0" sequenceCoverage="0" branchCoverage="0" maxCyclomaticComplexity="1" minCyclomaticComplexity="1" visitedClasses="0" numClasses="1" visitedMethods="0" numMethods="4" />
          <FullName>BridgeVs.Grapple.Truck/&lt;&gt;c__DisplayClass10_0`1</FullName>
          <Methods>
            <Method visited="false" cyclomaticComplexity="1" nPathComplexity="0" sequenceCoverage="0" branchCoverage="0" isConstructor="true" isStatic="false" isGetter="false" isSetter="false">
              <Summary numSequencePoints="0" visitedSequencePoints="0" numBranchPoints="0" visitedBranchPoints="0" sequenceCoverage="0" branchCoverage="0" maxCyclomaticComplexity="1" minCyclomaticComplexity="1" visitedClasses="0" numClasses="0" visitedMethods="0" numMethods="0" />
              <MetadataToken>100663361</MetadataToken>
              <Name>System.Void BridgeVs.Grapple.Truck/&lt;&gt;c__DisplayClass10_0`1::.ctor()</Name>
              <SequencePoints />
              <BranchPoints />
              <MethodPoint vc="0" uspid="145" ordinal="0" offset="0" />
            </Method>
            <Method visited="false" cyclomaticComplexity="1" nPathComplexity="0" sequenceCoverage="0" branchCoverage="0" isConstructor="false" isStatic="false" isGetter="false" isSetter="false">
              <Summary numSequencePoints="1" visitedSequencePoints="0" numBranchPoints="1" visitedBranchPoints="0" sequenceCoverage="0" branchCoverage="0" maxCyclomaticComplexity="1" minCyclomaticComplexity="1" visitedClasses="0" numClasses="0" visitedMethods="0" numMethods="1" />
              <MetadataToken>100663362</MetadataToken>
              <Name>System.Boolean BridgeVs.Grapple.Truck/&lt;&gt;c__DisplayClass10_0`1::&lt;UnLoadCargo&gt;b__0(System.Type)</Name>
              <FileRef uid="2" />
              <SequencePoints>
                <SequencePoint vc="0" uspid="146" ordinal="0" offset="0" sl="145" sc="27" el="145" ec="59" bec="0" bev="0" fileid="2" />
              </SequencePoints>
              <BranchPoints />
              <MethodPoint xsi:type="SequencePoint" vc="0" uspid="146" ordinal="0" offset="0" sl="145" sc="27" el="145" ec="59" bec="0" bev="0" fileid="2" />
            </Method>
            <Method visited="false" cyclomaticComplexity="1" nPathComplexity="0" sequenceCoverage="0" branchCoverage="0" isConstructor="false" isStatic="false" isGetter="false" isSetter="false">
              <Summary numSequencePoints="1" visitedSequencePoints="0" numBranchPoints="1" visitedBranchPoints="0" sequenceCoverage="0" branchCoverage="0" maxCyclomaticComplexity="1" minCyclomaticComplexity="1" visitedClasses="0" numClasses="0" visitedMethods="0" numMethods="1" />
              <MetadataToken>100663363</MetadataToken>
              <Name>&lt;&gt;f__AnonymousType0`2&lt;System.Type,System.Collections.Generic.List`1&lt;System.Byte[]&gt;&gt; BridgeVs.Grapple.Truck/&lt;&gt;c__DisplayClass10_0`1::&lt;UnLoadCargo&gt;b__1(System.Type)</Name>
              <FileRef uid="2" />
              <SequencePoints>
                <SequencePoint vc="0" uspid="147" ordinal="0" offset="0" sl="146" sc="35" el="146" ec="48" bec="0" bev="0" fileid="2" />
              </SequencePoints>
              <BranchPoints />
              <MethodPoint xsi:type="SequencePoint" vc="0" uspid="147" ordinal="0" offset="0" sl="146" sc="35" el="146" ec="48" bec="0" bev="0" fileid="2" />
            </Method>
            <Method visited="false" cyclomaticComplexity="1" nPathComplexity="0" sequenceCoverage="0" branchCoverage="0" isConstructor="false" isStatic="false" isGetter="false" isSetter="false">
              <Summary numSequencePoints="1" visitedSequencePoints="0" numBranchPoints="1" visitedBranchPoints="0" sequenceCoverage="0" branchCoverage="0" maxCyclomaticComplexity="1" minCyclomaticComplexity="1" visitedClasses="0" numClasses="0" visitedMethods="0" numMethods="1" />
              <MetadataToken>100663364</MetadataToken>
              <Name>System.Collections.Generic.IEnumerable`1&lt;T&gt; BridgeVs.Grapple.Truck/&lt;&gt;c__DisplayClass10_0`1::&lt;UnLoadCargo&gt;b__2(&lt;&gt;f__AnonymousType0`2&lt;System.Type,System.Collections.Generic.List`1&lt;System.Byte[]&gt;&gt;)</Name>
              <FileRef uid="2" />
              <SequencePoints>
                <SequencePoint vc="0" uspid="148" ordinal="0" offset="0" sl="147" sc="28" el="147" ec="71" bec="0" bev="0" fileid="2" />
              </SequencePoints>
              <BranchPoints />
              <MethodPoint xsi:type="SequencePoint" vc="0" uspid="148" ordinal="0" offset="0" sl="147" sc="28" el="147" ec="71" bec="0" bev="0" fileid="2" />
            </Method>
            <Method visited="false" cyclomaticComplexity="1" nPathComplexity="0" sequenceCoverage="0" branchCoverage="0" isConstructor="false" isStatic="false" isGetter="false" isSetter="false">
              <Summary numSequencePoints="1" visitedSequencePoints="0" numBranchPoints="1" visitedBranchPoints="0" sequenceCoverage="0" branchCoverage="0" maxCyclomaticComplexity="1" minCyclomaticComplexity="1" visitedClasses="0" numClasses="0" visitedMethods="0" numMethods="1" />
              <MetadataToken>100663365</MetadataToken>
              <Name>T BridgeVs.Grapple.Truck/&lt;&gt;c__DisplayClass10_0`1::&lt;UnLoadCargo&gt;b__4(System.Byte[])</Name>
              <FileRef uid="2" />
              <SequencePoints>
                <SequencePoint vc="0" uspid="149" ordinal="0" offset="0" sl="147" sc="48" el="147" ec="70" bec="0" bev="0" fileid="2" />
              </SequencePoints>
              <BranchPoints />
              <MethodPoint xsi:type="SequencePoint" vc="0" uspid="149" ordinal="0" offset="0" sl="147" sc="48" el="147" ec="70" bec="0" bev="0" fileid="2" />
            </Method>
          </Methods>
        </Class>
        <Class>
          <Summary numSequencePoints="1" visitedSequencePoints="0" numBranchPoints="1" visitedBranchPoints="0" sequenceCoverage="0" branchCoverage="0" maxCyclomaticComplexity="1" minCyclomaticComplexity="1" visitedClasses="0" numClasses="1" visitedMethods="0" numMethods="1" />
          <FullName>BridgeVs.Grapple.Truck/&lt;&gt;c__10`1</FullName>
          <Methods>
            <Method visited="false" cyclomaticComplexity="1" nPathComplexity="0" sequenceCoverage="0" branchCoverage="0" isConstructor="true" isStatic="true" isGetter="false" isSetter="false">
              <Summary numSequencePoints="0" visitedSequencePoints="0" numBranchPoints="0" visitedBranchPoints="0" sequenceCoverage="0" branchCoverage="0" maxCyclomaticComplexity="1" minCyclomaticComplexity="1" visitedClasses="0" numClasses="0" visitedMethods="0" numMethods="0" />
              <MetadataToken>100663366</MetadataToken>
              <Name>System.Void BridgeVs.Grapple.Truck/&lt;&gt;c__10`1::.cctor()</Name>
              <SequencePoints />
              <BranchPoints />
              <MethodPoint vc="0" uspid="150" ordinal="0" offset="0" />
            </Method>
            <Method visited="false" cyclomaticComplexity="1" nPathComplexity="0" sequenceCoverage="0" branchCoverage="0" isConstructor="true" isStatic="false" isGetter="false" isSetter="false">
              <Summary numSequencePoints="0" visitedSequencePoints="0" numBranchPoints="0" visitedBranchPoints="0" sequenceCoverage="0" branchCoverage="0" maxCyclomaticComplexity="1" minCyclomaticComplexity="1" visitedClasses="0" numClasses="0" visitedMethods="0" numMethods="0" />
              <MetadataToken>100663367</MetadataToken>
              <Name>System.Void BridgeVs.Grapple.Truck/&lt;&gt;c__10`1::.ctor()</Name>
              <SequencePoints />
              <BranchPoints />
              <MethodPoint vc="0" uspid="151" ordinal="0" offset="0" />
            </Method>
            <Method visited="false" cyclomaticComplexity="1" nPathComplexity="0" sequenceCoverage="0" branchCoverage="0" isConstructor="false" isStatic="false" isGetter="false" isSetter="false">
              <Summary numSequencePoints="1" visitedSequencePoints="0" numBranchPoints="1" visitedBranchPoints="0" sequenceCoverage="0" branchCoverage="0" maxCyclomaticComplexity="1" minCyclomaticComplexity="1" visitedClasses="0" numClasses="0" visitedMethods="0" numMethods="1" />
              <MetadataToken>100663368</MetadataToken>
              <Name>System.Collections.Generic.IEnumerable`1&lt;T&gt; BridgeVs.Grapple.Truck/&lt;&gt;c__10`1::&lt;UnLoadCargo&gt;b__10_3(System.Collections.Generic.IEnumerable`1&lt;T&gt;)</Name>
              <FileRef uid="2" />
              <SequencePoints>
                <SequencePoint vc="0" uspid="152" ordinal="0" offset="0" sl="148" sc="38" el="148" ec="39" bec="0" bev="0" fileid="2" />
              </SequencePoints>
              <BranchPoints />
              <MethodPoint xsi:type="SequencePoint" vc="0" uspid="152" ordinal="0" offset="0" sl="148" sc="38" el="148" ec="39" bec="0" bev="0" fileid="2" />
            </Method>
          </Methods>
        </Class>
        <Class>
          <Summary numSequencePoints="4" visitedSequencePoints="0" numBranchPoints="4" visitedBranchPoints="0" sequenceCoverage="0" branchCoverage="0" maxCyclomaticComplexity="1" minCyclomaticComplexity="1" visitedClasses="0" numClasses="1" visitedMethods="0" numMethods="4" />
          <FullName>BridgeVs.Grapple.Truck/&lt;&gt;c__DisplayClass11_0</FullName>
          <Methods>
            <Method visited="false" cyclomaticComplexity="1" nPathComplexity="0" sequenceCoverage="0" branchCoverage="0" isConstructor="true" isStatic="false" isGetter="false" isSetter="false">
              <Summary numSequencePoints="0" visitedSequencePoints="0" numBranchPoints="0" visitedBranchPoints="0" sequenceCoverage="0" branchCoverage="0" maxCyclomaticComplexity="1" minCyclomaticComplexity="1" visitedClasses="0" numClasses="0" visitedMethods="0" numMethods="0" />
              <MetadataToken>100663369</MetadataToken>
              <Name>System.Void BridgeVs.Grapple.Truck/&lt;&gt;c__DisplayClass11_0::.ctor()</Name>
              <SequencePoints />
              <BranchPoints />
              <MethodPoint vc="0" uspid="153" ordinal="0" offset="0" />
            </Method>
            <Method visited="false" cyclomaticComplexity="1" nPathComplexity="0" sequenceCoverage="0" branchCoverage="0" isConstructor="false" isStatic="false" isGetter="false" isSetter="false">
              <Summary numSequencePoints="1" visitedSequencePoints="0" numBranchPoints="1" visitedBranchPoints="0" sequenceCoverage="0" branchCoverage="0" maxCyclomaticComplexity="1" minCyclomaticComplexity="1" visitedClasses="0" numClasses="0" visitedMethods="0" numMethods="1" />
              <MetadataToken>100663370</MetadataToken>
              <Name>System.Boolean BridgeVs.Grapple.Truck/&lt;&gt;c__DisplayClass11_0::&lt;UnLoadCargo&gt;b__0(System.Type)</Name>
              <FileRef uid="2" />
              <SequencePoints>
                <SequencePoint vc="0" uspid="154" ordinal="0" offset="0" sl="162" sc="27" el="162" ec="51" bec="0" bev="0" fileid="2" />
              </SequencePoints>
              <BranchPoints />
              <MethodPoint xsi:type="SequencePoint" vc="0" uspid="154" ordinal="0" offset="0" sl="162" sc="27" el="162" ec="51" bec="0" bev="0" fileid="2" />
            </Method>
            <Method visited="false" cyclomaticComplexity="1" nPathComplexity="0" sequenceCoverage="0" branchCoverage="0" isConstructor="false" isStatic="false" isGetter="false" isSetter="false">
              <Summary numSequencePoints="1" visitedSequencePoints="0" numBranchPoints="1" visitedBranchPoints="0" sequenceCoverage="0" branchCoverage="0" maxCyclomaticComplexity="1" minCyclomaticComplexity="1" visitedClasses="0" numClasses="0" visitedMethods="0" numMethods="1" />
              <MetadataToken>100663371</MetadataToken>
              <Name>&lt;&gt;f__AnonymousType0`2&lt;System.Type,System.Collections.Generic.List`1&lt;System.Byte[]&gt;&gt; BridgeVs.Grapple.Truck/&lt;&gt;c__DisplayClass11_0::&lt;UnLoadCargo&gt;b__1(System.Type)</Name>
              <FileRef uid="2" />
              <SequencePoints>
                <SequencePoint vc="0" uspid="155" ordinal="0" offset="0" sl="163" sc="35" el="163" ec="48" bec="0" bev="0" fileid="2" />
              </SequencePoints>
              <BranchPoints />
              <MethodPoint xsi:type="SequencePoint" vc="0" uspid="155" ordinal="0" offset="0" sl="163" sc="35" el="163" ec="48" bec="0" bev="0" fileid="2" />
            </Method>
            <Method visited="false" cyclomaticComplexity="1" nPathComplexity="0" sequenceCoverage="0" branchCoverage="0" isConstructor="false" isStatic="false" isGetter="false" isSetter="false">
              <Summary numSequencePoints="1" visitedSequencePoints="0" numBranchPoints="1" visitedBranchPoints="0" sequenceCoverage="0" branchCoverage="0" maxCyclomaticComplexity="1" minCyclomaticComplexity="1" visitedClasses="0" numClasses="0" visitedMethods="0" numMethods="1" />
              <MetadataToken>100663372</MetadataToken>
              <Name>System.Collections.Generic.IEnumerable`1&lt;System.Object&gt; BridgeVs.Grapple.Truck/&lt;&gt;c__DisplayClass11_0::&lt;UnLoadCargo&gt;b__2(&lt;&gt;f__AnonymousType0`2&lt;System.Type,System.Collections.Generic.List`1&lt;System.Byte[]&gt;&gt;)</Name>
              <FileRef uid="2" />
              <SequencePoints>
                <SequencePoint vc="0" uspid="156" ordinal="0" offset="0" sl="164" sc="28" el="164" ec="74" bec="0" bev="0" fileid="2" />
              </SequencePoints>
              <BranchPoints />
              <MethodPoint xsi:type="SequencePoint" vc="0" uspid="156" ordinal="0" offset="0" sl="164" sc="28" el="164" ec="74" bec="0" bev="0" fileid="2" />
            </Method>
            <Method visited="false" cyclomaticComplexity="1" nPathComplexity="0" sequenceCoverage="0" branchCoverage="0" isConstructor="false" isStatic="false" isGetter="false" isSetter="false">
              <Summary numSequencePoints="1" visitedSequencePoints="0" numBranchPoints="1" visitedBranchPoints="0" sequenceCoverage="0" branchCoverage="0" maxCyclomaticComplexity="1" minCyclomaticComplexity="1" visitedClasses="0" numClasses="0" visitedMethods="0" numMethods="1" />
              <MetadataToken>100663373</MetadataToken>
              <Name>System.Object BridgeVs.Grapple.Truck/&lt;&gt;c__DisplayClass11_0::&lt;UnLoadCargo&gt;b__4(System.Byte[])</Name>
              <FileRef uid="2" />
              <SequencePoints>
                <SequencePoint vc="0" uspid="157" ordinal="0" offset="0" sl="164" sc="48" el="164" ec="73" bec="0" bev="0" fileid="2" />
              </SequencePoints>
              <BranchPoints />
              <MethodPoint xsi:type="SequencePoint" vc="0" uspid="157" ordinal="0" offset="0" sl="164" sc="48" el="164" ec="73" bec="0" bev="0" fileid="2" />
            </Method>
          </Methods>
        </Class>
        <Class>
          <Summary numSequencePoints="5" visitedSequencePoints="0" numBranchPoints="2" visitedBranchPoints="0" sequenceCoverage="0" branchCoverage="0" maxCyclomaticComplexity="1" minCyclomaticComplexity="1" visitedClasses="0" numClasses="1" visitedMethods="0" numMethods="2" />
          <FullName>BridgeVs.Grapple.Truck/&lt;&gt;c</FullName>
          <Methods>
            <Method visited="false" cyclomaticComplexity="1" nPathComplexity="0" sequenceCoverage="0" branchCoverage="0" isConstructor="true" isStatic="true" isGetter="false" isSetter="false">
              <Summary numSequencePoints="0" visitedSequencePoints="0" numBranchPoints="0" visitedBranchPoints="0" sequenceCoverage="0" branchCoverage="0" maxCyclomaticComplexity="1" minCyclomaticComplexity="1" visitedClasses="0" numClasses="0" visitedMethods="0" numMethods="0" />
              <MetadataToken>100663374</MetadataToken>
              <Name>System.Void BridgeVs.Grapple.Truck/&lt;&gt;c::.cctor()</Name>
              <SequencePoints />
              <BranchPoints />
              <MethodPoint vc="0" uspid="158" ordinal="0" offset="0" />
            </Method>
            <Method visited="false" cyclomaticComplexity="1" nPathComplexity="0" sequenceCoverage="0" branchCoverage="0" isConstructor="true" isStatic="false" isGetter="false" isSetter="false">
              <Summary numSequencePoints="0" visitedSequencePoints="0" numBranchPoints="0" visitedBranchPoints="0" sequenceCoverage="0" branchCoverage="0" maxCyclomaticComplexity="1" minCyclomaticComplexity="1" visitedClasses="0" numClasses="0" visitedMethods="0" numMethods="0" />
              <MetadataToken>100663375</MetadataToken>
              <Name>System.Void BridgeVs.Grapple.Truck/&lt;&gt;c::.ctor()</Name>
              <SequencePoints />
              <BranchPoints />
              <MethodPoint vc="0" uspid="159" ordinal="0" offset="0" />
            </Method>
            <Method visited="false" cyclomaticComplexity="1" nPathComplexity="0" sequenceCoverage="0" branchCoverage="0" isConstructor="false" isStatic="false" isGetter="false" isSetter="false">
              <Summary numSequencePoints="1" visitedSequencePoints="0" numBranchPoints="1" visitedBranchPoints="0" sequenceCoverage="0" branchCoverage="0" maxCyclomaticComplexity="1" minCyclomaticComplexity="1" visitedClasses="0" numClasses="0" visitedMethods="0" numMethods="1" />
              <MetadataToken>100663376</MetadataToken>
              <Name>System.Collections.Generic.IEnumerable`1&lt;System.Object&gt; BridgeVs.Grapple.Truck/&lt;&gt;c::&lt;UnLoadCargo&gt;b__11_3(System.Collections.Generic.IEnumerable`1&lt;System.Object&gt;)</Name>
              <FileRef uid="2" />
              <SequencePoints>
                <SequencePoint vc="0" uspid="160" ordinal="0" offset="0" sl="165" sc="37" el="165" ec="38" bec="0" bev="0" fileid="2" />
              </SequencePoints>
              <BranchPoints />
              <MethodPoint xsi:type="SequencePoint" vc="0" uspid="160" ordinal="0" offset="0" sl="165" sc="37" el="165" ec="38" bec="0" bev="0" fileid="2" />
            </Method>
            <Method visited="false" cyclomaticComplexity="1" nPathComplexity="0" sequenceCoverage="0" branchCoverage="0" isConstructor="false" isStatic="false" isGetter="false" isSetter="false">
              <Summary numSequencePoints="4" visitedSequencePoints="0" numBranchPoints="1" visitedBranchPoints="0" sequenceCoverage="0" branchCoverage="0" maxCyclomaticComplexity="1" minCyclomaticComplexity="1" visitedClasses="0" numClasses="0" visitedMethods="0" numMethods="1" />
              <MetadataToken>100663377</MetadataToken>
              <Name>System.Boolean BridgeVs.Grapple.Truck/&lt;&gt;c::&lt;WaitDelivery&gt;b__12_1(System.Exception)</Name>
              <FileRef uid="2" />
              <SequencePoints>
                <SequencePoint vc="0" uspid="161" ordinal="0" offset="0" sl="184" sc="17" el="184" ec="18" bec="0" bev="0" fileid="2" />
                <SequencePoint vc="0" uspid="162" ordinal="1" offset="1" sl="185" sc="21" el="185" ec="68" bec="0" bev="0" fileid="2" />
                <SequencePoint vc="0" uspid="163" ordinal="2" offset="13" sl="186" sc="21" el="186" ec="34" bec="0" bev="0" fileid="2" />
                <SequencePoint vc="0" uspid="164" ordinal="3" offset="17" sl="187" sc="17" el="187" ec="18" bec="0" bev="0" fileid="2" />
              </SequencePoints>
              <BranchPoints />
              <MethodPoint xsi:type="SequencePoint" vc="0" uspid="161" ordinal="0" offset="0" sl="184" sc="17" el="184" ec="18" bec="0" bev="0" fileid="2" />
            </Method>
          </Methods>
        </Class>
        <Class>
          <Summary numSequencePoints="1" visitedSequencePoints="0" numBranchPoints="1" visitedBranchPoints="0" sequenceCoverage="0" branchCoverage="0" maxCyclomaticComplexity="1" minCyclomaticComplexity="1" visitedClasses="0" numClasses="1" visitedMethods="0" numMethods="1" />
          <FullName>BridgeVs.Grapple.Truck/&lt;&gt;c__DisplayClass12_0</FullName>
          <Methods>
            <Method visited="false" cyclomaticComplexity="1" nPathComplexity="0" sequenceCoverage="0" branchCoverage="0" isConstructor="true" isStatic="false" isGetter="false" isSetter="false">
              <Summary numSequencePoints="0" visitedSequencePoints="0" numBranchPoints="0" visitedBranchPoints="0" sequenceCoverage="0" branchCoverage="0" maxCyclomaticComplexity="1" minCyclomaticComplexity="1" visitedClasses="0" numClasses="0" visitedMethods="0" numMethods="0" />
              <MetadataToken>100663378</MetadataToken>
              <Name>System.Void BridgeVs.Grapple.Truck/&lt;&gt;c__DisplayClass12_0::.ctor()</Name>
              <SequencePoints />
              <BranchPoints />
              <MethodPoint vc="0" uspid="165" ordinal="0" offset="0" />
            </Method>
            <Method visited="false" cyclomaticComplexity="1" nPathComplexity="0" sequenceCoverage="0" branchCoverage="0" isConstructor="false" isStatic="false" isGetter="false" isSetter="false">
              <Summary numSequencePoints="1" visitedSequencePoints="0" numBranchPoints="1" visitedBranchPoints="0" sequenceCoverage="0" branchCoverage="0" maxCyclomaticComplexity="1" minCyclomaticComplexity="1" visitedClasses="0" numClasses="0" visitedMethods="0" numMethods="1" />
              <MetadataToken>100663379</MetadataToken>
              <Name>System.Void BridgeVs.Grapple.Truck/&lt;&gt;c__DisplayClass12_0::&lt;WaitDelivery&gt;b__0()</Name>
              <FileRef uid="2" />
              <SequencePoints>
                <SequencePoint vc="0" uspid="166" ordinal="0" offset="0" sl="179" sc="52" el="179" ec="86" bec="0" bev="0" fileid="2" />
              </SequencePoints>
              <BranchPoints />
              <MethodPoint xsi:type="SequencePoint" vc="0" uspid="166" ordinal="0" offset="0" sl="179" sc="52" el="179" ec="86" bec="0" bev="0" fileid="2" />
            </Method>
          </Methods>
        </Class>
        <Class>
[...]
              <MethodPoint xsi:type="SequencePoint" vc="55" uspid="636" ordinal="0" offset="0" sl="39" sc="9" el="39" ec="77" bec="0" bev="0" fileid="39" />
            </Method>
          </Methods>
        </Class>
        <Class>
          <Summary numSequencePoints="6" visitedSequencePoints="6" numBranchPoints="1" visitedBranchPoints="1" sequenceCoverage="100" branchCoverage="100" maxCyclomaticComplexity="1" minCyclomaticComplexity="1" visitedClasses="1" numClasses="1" visitedMethods="1" numMethods="1" />
          <FullName>BridgeVs.Grapple.Serialization.FactorySerializer</FullName>
          <Methods>
            <Method visited="true" cyclomaticComplexity="1" nPathComplexity="0" sequenceCoverage="100" branchCoverage="100" isConstructor="false" isStatic="true" isGetter="false" isSetter="false">
              <Summary numSequencePoints="6" visitedSequencePoints="6" numBranchPoints="1" visitedBranchPoints="1" sequenceCoverage="100" branchCoverage="100" maxCyclomaticComplexity="1" minCyclomaticComplexity="1" visitedClasses="0" numClasses="0" visitedMethods="1" numMethods="1" />
              <MetadataToken>100663340</MetadataToken>
              <Name>BridgeVs.Grapple.Serialization.IServiceSerializer BridgeVs.Grapple.Serialization.FactorySerializer::CreateServiceSerializer(System.Type)</Name>
              <FileRef uid="40" />
              <SequencePoints>
                <SequencePoint vc="55" uspid="637" ordinal="0" offset="0" sl="34" sc="9" el="34" ec="10" bec="0" bev="0" fileid="40" />
                <SequencePoint vc="55" uspid="638" ordinal="1" offset="1" sl="35" sc="13" el="35" ec="75" bec="0" bev="0" fileid="40" />
                <SequencePoint vc="55" uspid="639" ordinal="2" offset="7" sl="36" sc="13" el="36" ec="66" bec="0" bev="0" fileid="40" />
                <SequencePoint vc="55" uspid="640" ordinal="3" offset="13" sl="38" sc="13" el="38" ec="60" bec="0" bev="0" fileid="40" />
                <SequencePoint vc="55" uspid="641" ordinal="4" offset="21" sl="40" sc="13" el="40" ec="38" bec="0" bev="0" fileid="40" />
                <SequencePoint vc="55" uspid="642" ordinal="5" offset="25" sl="41" sc="9" el="41" ec="10" bec="0" bev="0" fileid="40" />
              </SequencePoints>
              <BranchPoints />
              <MethodPoint xsi:type="SequencePoint" vc="55" uspid="637" ordinal="0" offset="0" sl="34" sc="9" el="34" ec="10" bec="0" bev="0" fileid="40" />
            </Method>
          </Methods>
        </Class>
        <Class>
          <Summary numSequencePoints="38" visitedSequencePoints="24" numBranchPoints="8" visitedBranchPoints="5" sequenceCoverage="63.16" branchCoverage="62.5" maxCyclomaticComplexity="4" minCyclomaticComplexity="1" visitedClasses="1" numClasses="1" visitedMethods="5" numMethods="8" />
          <FullName>BridgeVs.Grapple.Serialization.JsonSerializer</FullName>
          <Methods>
            <Method visited="false" cyclomaticComplexity="2" nPathComplexity="0" sequenceCoverage="0" branchCoverage="0" isConstructor="false" isStatic="false" isGetter="false" isSetter="false">
              <Summary numSequencePoints="6" visitedSequencePoints="0" numBranchPoints="1" visitedBranchPoints="0" sequenceCoverage="0" branchCoverage="0" maxCyclomaticComplexity="2" minCyclomaticComplexity="2" visitedClasses="0" numClasses="0" visitedMethods="0" numMethods="1" />
              <MetadataToken>100663346</MetadataToken>
              <Name>System.Void BridgeVs.Grapple.Serialization.JsonSerializer::Serialize(System.IO.Stream,T)</Name>
              <FileRef uid="41" />
              <SequencePoints>
                <SequencePoint vc="0" uspid="643" ordinal="0" offset="0" sl="49" sc="9" el="49" ec="10" bec="0" bev="0" fileid="41" />
                <SequencePoint vc="0" uspid="644" ordinal="1" offset="1" sl="50" sc="20" el="50" ec="59" bec="0" bev="0" fileid="41" />
                <SequencePoint vc="0" uspid="645" ordinal="2" offset="8" sl="51" sc="13" el="51" ec="14" bec="0" bev="0" fileid="41" />
                <SequencePoint vc="0" uspid="646" ordinal="3" offset="9" sl="52" sc="17" el="52" ec="63" bec="0" bev="0" fileid="41" />
                <SequencePoint vc="0" uspid="647" ordinal="4" offset="28" sl="53" sc="13" el="53" ec="14" bec="0" bev="0" fileid="41" />
                <SequencePoint vc="0" uspid="648" ordinal="5" offset="42" sl="54" sc="9" el="54" ec="10" bec="0" bev="0" fileid="41" />
              </SequencePoints>
              <BranchPoints />
              <MethodPoint xsi:type="SequencePoint" vc="0" uspid="643" ordinal="0" offset="0" sl="49" sc="9" el="49" ec="10" bec="0" bev="0" fileid="41" />
            </Method>
            <Method visited="true" cyclomaticComplexity="3" nPathComplexity="0" sequenceCoverage="100" branchCoverage="100" isConstructor="false" isStatic="false" isGetter="false" isSetter="false">
              <Summary numSequencePoints="7" visitedSequencePoints="7" numBranchPoints="1" visitedBranchPoints="1" sequenceCoverage="100" branchCoverage="100" maxCyclomaticComplexity="3" minCyclomaticComplexity="3" visitedClasses="0" numClasses="0" visitedMethods="1" numMethods="1" />
              <MetadataToken>100663347</MetadataToken>
              <Name>System.Byte[] BridgeVs.Grapple.Serialization.JsonSerializer::Serialize(T)</Name>
              <FileRef uid="41" />
              <SequencePoints>
                <SequencePoint vc="3" uspid="649" ordinal="0" offset="0" sl="57" sc="9" el="57" ec="10" bec="0" bev="0" fileid="41" />
                <SequencePoint vc="3" uspid="650" ordinal="1" offset="1" sl="58" sc="20" el="58" ec="60" bec="0" bev="0" fileid="41" />
                <SequencePoint vc="3" uspid="651" ordinal="2" offset="7" sl="59" sc="20" el="59" ec="58" bec="0" bev="0" fileid="41" />
                <SequencePoint vc="3" uspid="652" ordinal="3" offset="14" sl="60" sc="13" el="60" ec="14" bec="0" bev="0" fileid="41" />
                <SequencePoint vc="3" uspid="653" ordinal="4" offset="15" sl="61" sc="17" el="61" ec="63" bec="0" bev="0" fileid="41" />
                <SequencePoint vc="3" uspid="654" ordinal="5" offset="34" sl="62" sc="17" el="62" ec="41" bec="0" bev="0" fileid="41" />
                <SequencePoint vc="3" uspid="655" ordinal="6" offset="65" sl="64" sc="9" el="64" ec="10" bec="0" bev="0" fileid="41" />
              </SequencePoints>
              <BranchPoints />
              <MethodPoint xsi:type="SequencePoint" vc="3" uspid="649" ordinal="0" offset="0" sl="57" sc="9" el="57" ec="10" bec="0" bev="0" fileid="41" />
            </Method>
            <Method visited="false" cyclomaticComplexity="2" nPathComplexity="0" sequenceCoverage="0" branchCoverage="0" isConstructor="false" isStatic="false" isGetter="false" isSetter="false">
              <Summary numSequencePoints="5" visitedSequencePoints="0" numBranchPoints="1" visitedBranchPoints="0" sequenceCoverage="0" branchCoverage="0" maxCyclomaticComplexity="2" minCyclomaticComplexity="2" visitedClasses="0" numClasses="0" visitedMethods="0" numMethods="1" />
              <MetadataToken>100663348</MetadataToken>
              <Name>T BridgeVs.Grapple.Serialization.JsonSerializer::Deserialize(System.IO.Stream)</Name>
              <FileRef uid="41" />
              <SequencePoints>
                <SequencePoint vc="0" uspid="656" ordinal="0" offset="0" sl="67" sc="9" el="67" ec="10" bec="0" bev="0" fileid="41" />
                <SequencePoint vc="0" uspid="657" ordinal="1" offset="1" sl="68" sc="20" el="68" ec="63" bec="0" bev="0" fileid="41" />
                <SequencePoint vc="0" uspid="658" ordinal="2" offset="8" sl="69" sc="13" el="69" ec="14" bec="0" bev="0" fileid="41" />
                <SequencePoint vc="0" uspid="659" ordinal="3" offset="9" sl="70" sc="17" el="70" ec="63" bec="0" bev="0" fileid="41" />
                <SequencePoint vc="0" uspid="660" ordinal="4" offset="35" sl="72" sc="9" el="72" ec="10" bec="0" bev="0" fileid="41" />
              </SequencePoints>
              <BranchPoints />
              <MethodPoint xsi:type="SequencePoint" vc="0" uspid="656" ordinal="0" offset="0" sl="67" sc="9" el="67" ec="10" bec="0" bev="0" fileid="41" />
            </Method>
            <Method visited="true" cyclomaticComplexity="3" nPathComplexity="0" sequenceCoverage="100" branchCoverage="100" isConstructor="false" isStatic="false" isGetter="false" isSetter="false">
              <Summary numSequencePoints="7" visitedSequencePoints="7" numBranchPoints="1" visitedBranchPoints="1" sequenceCoverage="100" branchCoverage="100" maxCyclomaticComplexity="3" minCyclomaticComplexity="3" visitedClasses="0" numClasses="0" visitedMethods="1" numMethods="1" />
              <MetadataToken>100663349</MetadataToken>
              <Name>T BridgeVs.Grapple.Serialization.JsonSerializer::Deserialize(System.Byte[])</Name>
              <FileRef uid="41" />
              <SequencePoints>
                <SequencePoint vc="2" uspid="661" ordinal="0" offset="0" sl="75" sc="9" el="75" ec="10" bec="0" bev="0" fileid="41" />
                <SequencePoint vc="2" uspid="662" ordinal="1" offset="1" sl="76" sc="20" el="76" ec="76" bec="0" bev="0" fileid="41" />
                <SequencePoint vc="2" uspid="663" ordinal="2" offset="8" sl="77" sc="20" el="77" ec="58" bec="0" bev="0" fileid="41" />
                <SequencePoint vc="2" uspid="664" ordinal="3" offset="15" sl="78" sc="13" el="78" ec="14" bec="0" bev="0" fileid="41" />
                <SequencePoint vc="2" uspid="665" ordinal="4" offset="16" sl="79" sc="17" el="79" ec="72" bec="0" bev="0" fileid="41" />
                <SequencePoint vc="2" uspid="666" ordinal="5" offset="38" sl="80" sc="17" el="80" ec="59" bec="0" bev="0" fileid="41" />
                <SequencePoint vc="2" uspid="667" ordinal="6" offset="75" sl="82" sc="9" el="82" ec="10" bec="0" bev="0" fileid="41" />
              </SequencePoints>
              <BranchPoints />
              <MethodPoint xsi:type="SequencePoint" vc="2" uspid="661" ordinal="0" offset="0" sl="75" sc="9" el="75" ec="10" bec="0" bev="0" fileid="41" />
            </Method>
            <Method visited="true" cyclomaticComplexity="4" nPathComplexity="0" sequenceCoverage="100" branchCoverage="100" isConstructor="false" isStatic="false" isGetter="false" isSetter="false">
              <Summary numSequencePoints="6" visitedSequencePoints="6" numBranchPoints="1" visitedBranchPoints="1" sequenceCoverage="100" branchCoverage="100" maxCyclomaticComplexity="4" minCyclomaticComplexity="4" visitedClasses="0" numClasses="0" visitedMethods="1" numMethods="1" />
              <MetadataToken>100663350</MetadataToken>
              <Name>System.Object BridgeVs.Grapple.Serialization.JsonSerializer::Deserialize(System.Byte[],System.Type)</Name>
              <FileRef uid="41" />
              <SequencePoints>
                <SequencePoint vc="1" uspid="668" ordinal="0" offset="0" sl="86" sc="9" el="86" ec="10" bec="0" bev="0" fileid="41" />
                <SequencePoint vc="1" uspid="669" ordinal="1" offset="1" sl="88" sc="20" el="88" ec="76" bec="0" bev="0" fileid="41" />
                <SequencePoint vc="1" uspid="670" ordinal="2" offset="8" sl="89" sc="20" el="89" ec="58" bec="0" bev="0" fileid="41" />
                <SequencePoint vc="1" uspid="671" ordinal="3" offset="15" sl="90" sc="13" el="90" ec="14" bec="0" bev="0" fileid="41" />
                <SequencePoint vc="1" uspid="672" ordinal="4" offset="16" sl="91" sc="17" el="91" ec="112" bec="0" bev="0" fileid="41" />
                <SequencePoint vc="1" uspid="673" ordinal="5" offset="77" sl="93" sc="9" el="93" ec="10" bec="0" bev="0" fileid="41" />
              </SequencePoints>
              <BranchPoints />
              <MethodPoint xsi:type="SequencePoint" vc="1" uspid="668" ordinal="0" offset="0" sl="86" sc="9" el="86" ec="10" bec="0" bev="0" fileid="41" />
            </Method>
            <Method visited="true" cyclomaticComplexity="1" nPathComplexity="0" sequenceCoverage="100" branchCoverage="100" isConstructor="false" isStatic="true" isGetter="false" isSetter="false">
              <Summary numSequencePoints="3" visitedSequencePoints="3" numBranchPoints="1" visitedBranchPoints="1" sequenceCoverage="100" branchCoverage="100" maxCyclomaticComplexity="1" minCyclomaticComplexity="1" visitedClasses="0" numClasses="0" visitedMethods="1" numMethods="1" />
              <MetadataToken>100663351</MetadataToken>
              <Name>System.Boolean BridgeVs.Grapple.Serialization.JsonSerializer::IsCollectionType(System.Type)</Name>
              <FileRef uid="41" />
              <SequencePoints>
                <SequencePoint vc="2" uspid="676" ordinal="0" offset="0" sl="96" sc="9" el="96" ec="10" bec="0" bev="0" fileid="41" />
                <SequencePoint vc="2" uspid="677" ordinal="1" offset="1" sl="97" sc="13" el="97" ec="63" bec="0" bev="0" fileid="41" />
                <SequencePoint vc="2" uspid="678" ordinal="2" offset="21" sl="98" sc="9" el="98" ec="10" bec="0" bev="0" fileid="41" />
              </SequencePoints>
              <BranchPoints />
              <MethodPoint xsi:type="SequencePoint" vc="2" uspid="676" ordinal="0" offset="0" sl="96" sc="9" el="96" ec="10" bec="0" bev="0" fileid="41" />
            </Method>
            <Method visited="false" cyclomaticComplexity="1" nPathComplexity="0" sequenceCoverage="0" branchCoverage="0" isConstructor="false" isStatic="false" isGetter="false" isSetter="false">
              <Summary numSequencePoints="3" visitedSequencePoints="0" numBranchPoints="1" visitedBranchPoints="0" sequenceCoverage="0" branchCoverage="0" maxCyclomaticComplexity="1" minCyclomaticComplexity="1" visitedClasses="0" numClasses="0" visitedMethods="0" numMethods="1" />
              <MetadataToken>100663352</MetadataToken>
              <Name>System.String BridgeVs.Grapple.Serialization.JsonSerializer::ToString()</Name>
              <FileRef uid="41" />
              <SequencePoints>
                <SequencePoint vc="0" uspid="679" ordinal="0" offset="0" sl="101" sc="9" el="101" ec="10" bec="0" bev="0" fileid="41" />
                <SequencePoint vc="0" uspid="680" ordinal="1" offset="1" sl="102" sc="13" el="102" ec="37" bec="0" bev="0" fileid="41" />
                <SequencePoint vc="0" uspid="681" ordinal="2" offset="9" sl="103" sc="9" el="103" ec="10" bec="0" bev="0" fileid="41" />
              </SequencePoints>
              <BranchPoints />
              <MethodPoint xsi:type="SequencePoint" vc="0" uspid="679" ordinal="0" offset="0" sl="101" sc="9" el="101" ec="10" bec="0" bev="0" fileid="41" />
            </Method>
            <Method visited="true" cyclomaticComplexity="1" nPathComplexity="0" sequenceCoverage="100" branchCoverage="100" isConstructor="true" isStatic="false" isGetter="false" isSetter="false">
              <Summary numSequencePoints="1" visitedSequencePoints="1" numBranchPoints="1" visitedBranchPoints="1" sequenceCoverage="100" branchCoverage="100" maxCyclomaticComplexity="1" minCyclomaticComplexity="1" visitedClasses="0" numClasses="0" visitedMethods="1" numMethods="1" />
              <MetadataToken>100663353</MetadataToken>
              <Name>System.Void BridgeVs.Grapple.Serialization.JsonSerializer::.ctor()</Name>
              <FileRef uid="41" />
              <SequencePoints>
                <SequencePoint vc="55" uspid="682" ordinal="0" offset="0" sl="39" sc="9" el="46" ec="11" bec="0" bev="0" fileid="41" />
              </SequencePoints>
              <BranchPoints />
              <MethodPoint xsi:type="SequencePoint" vc="55" uspid="682" ordinal="0" offset="0" sl="39" sc="9" el="46" ec="11" bec="0" bev="0" fileid="41" />
            </Method>
          </Methods>
        </Class>
        <Class>
          <Summary numSequencePoints="3" visitedSequencePoints="3" numBranchPoints="1" visitedBranchPoints="1" sequenceCoverage="100" branchCoverage="100" maxCyclomaticComplexity="1" minCyclomaticComplexity="1" visitedClasses="1" numClasses="1" visitedMethods="1" numMethods="1" />
          <FullName>BridgeVs.Grapple.Serialization.SerializationHandler</FullName>
          <Methods>
            <Method visited="true" cyclomaticComplexity="1" nPathComplexity="0" sequenceCoverage="100" branchCoverage="100" isConstructor="false" isStatic="false" isGetter="false" isSetter="false">
              <Summary numSequencePoints="3" visitedSequencePoints="3" numBranchPoints="1" visitedBranchPoints="1" sequenceCoverage="100" branchCoverage="100" maxCyclomaticComplexity="1" minCyclomaticComplexity="1" visitedClasses="0" numClasses="0" visitedMethods="1" numMethods="1" />
              <MetadataToken>100663354</MetadataToken>
              <Name>System.Void BridgeVs.Grapple.Serialization.SerializationHandler::SetSuccessor(BridgeVs.Grapple.Serialization.SerializationHandler)</Name>
              <FileRef uid="42" />
              <SequencePoints>
                <SequencePoint vc="55" uspid="683" ordinal="0" offset="0" sl="37" sc="9" el="37" ec="10" bec="0" bev="0" fileid="42" />
                <SequencePoint vc="55" uspid="684" ordinal="1" offset="1" sl="38" sc="13" el="38" ec="35" bec="0" bev="0" fileid="42" />
                <SequencePoint vc="55" uspid="685" ordinal="2" offset="8" sl="39" sc="9" el="39" ec="10" bec="0" bev="0" fileid="42" />
              </SequencePoints>
              <BranchPoints />
              <MethodPoint xsi:type="SequencePoint" vc="55" uspid="683" ordinal="0" offset="0" sl="37" sc="9" el="37" ec="10" bec="0" bev="0" fileid="42" />
            </Method>
            <Method visited="true" cyclomaticComplexity="1" nPathComplexity="0" sequenceCoverage="0" branchCoverage="0" isConstructor="true" isStatic="false" isGetter="false" isSetter="false">
              <Summary numSequencePoints="0" visitedSequencePoints="0" numBranchPoints="0" visitedBranchPoints="0" sequenceCoverage="0" branchCoverage="0" maxCyclomaticComplexity="1" minCyclomaticComplexity="1" visitedClasses="0" numClasses="0" visitedMethods="0" numMethods="0" />
              <MetadataToken>100663360</MetadataToken>
              <Name>System.Void BridgeVs.Grapple.Serialization.SerializationHandler::.ctor()</Name>
              <SequencePoints />
              <BranchPoints />
              <MethodPoint vc="110" uspid="686" ordinal="0" offset="0" />
            </Method>
          </Methods>
        </Class>
      </Classes>
    </Module>
    <Module skippedDueTo="Filter" hash="C5-E1-44-16-5B-0B-E4-BB-1B-51-33-CB-48-C6-E8-56-C0-1D-6A-86">
      <ModulePath>C:\Users\Thanos\Documents\LINQBridgeVs\TestResults\Thanos_MINDSTONE 2018-03-31 03_09_29\Out\BridgeVs.Logging.dll</ModulePath>
      <ModuleTime>2018-03-31T01:58:19.9018326Z</ModuleTime>
      <ModuleName>BridgeVs.Logging</ModuleName>
      <Classes />
    </Module>
    <Module skippedDueTo="Filter" hash="B5-52-5E-59-E2-6F-A1-6F-E0-DD-F8-A2-49-EA-4E-67-45-2F-99-A2">
      <ModulePath>C:\Users\Thanos\Documents\LINQBridgeVs\TestResults\Thanos_MINDSTONE 2018-03-31 03_09_29\Out\Newtonsoft.Json.dll</ModulePath>
      <ModuleTime>2018-02-18T09:44:54Z</ModuleTime>
      <ModuleName>Newtonsoft.Json</ModuleName>
      <Classes />
    </Module>
    <Module skippedDueTo="Filter" hash="64-7D-F9-97-16-BD-82-9C-0C-75-48-42-B0-A7-55-86-5B-63-44-3C">
      <ModulePath>C:\WINDOWS\Microsoft.Net\assembly\GAC_MSIL\System.Runtime.Serialization\v4.0_4.0.0.0__b77a5c561934e089\System.Runtime.Serialization.dll</ModulePath>
      <ModuleTime>2017-12-22T03:10:38.2010062Z</ModuleTime>
      <ModuleName>System.Runtime.Serialization</ModuleName>
      <Classes />
    </Module>
    <Module skippedDueTo="Filter" hash="10-59-9A-A7-6D-6E-29-57-52-A6-F4-07-E8-65-83-31-78-46-69-05">
      <ModulePath>C:\WINDOWS\Microsoft.Net\assembly\GAC_MSIL\System.Numerics\v4.0_4.0.0.0__b77a5c561934e089\System.Numerics.dll</ModulePath>
      <ModuleTime>2017-09-29T13:43:06.7092017Z</ModuleTime>
      <ModuleName>System.Numerics</ModuleName>
      <Classes />
    </Module>
  </Modules>
</CoverageSession>